{"C:\\Users\\scott\\Documents\\My_Programming_Projects\\.Libraries\\Self created\\AWS Walled Guarden\\out\\autoConfigurator.js":{"path":"C:\\Users\\scott\\Documents\\My_Programming_Projects\\.Libraries\\Self created\\AWS Walled Guarden\\out\\autoConfigurator.js","statementMap":{"0":{"start":{"line":2,"column":0},"end":{"line":2,"column":62}},"1":{"start":{"line":3,"column":0},"end":{"line":3,"column":34}},"2":{"start":{"line":4,"column":15},"end":{"line":4,"column":32}},"3":{"start":{"line":5,"column":11},"end":{"line":5,"column":24}},"4":{"start":{"line":6,"column":13},"end":{"line":6,"column":28}},"5":{"start":{"line":7,"column":17},"end":{"line":7,"column":36}},"6":{"start":{"line":8,"column":23},"end":{"line":8,"column":48}},"7":{"start":{"line":11,"column":8},"end":{"line":11,"column":52}},"8":{"start":{"line":14,"column":8},"end":{"line":40,"column":9}},"9":{"start":{"line":15,"column":12},"end":{"line":15,"column":68}},"10":{"start":{"line":16,"column":29},"end":{"line":16,"column":66}},"11":{"start":{"line":17,"column":29},"end":{"line":17,"column":56}},"12":{"start":{"line":18,"column":12},"end":{"line":18,"column":79}},"13":{"start":{"line":19,"column":12},"end":{"line":19,"column":109}},"14":{"start":{"line":20,"column":12},"end":{"line":23,"column":13}},"15":{"start":{"line":21,"column":16},"end":{"line":21,"column":96}},"16":{"start":{"line":22,"column":16},"end":{"line":22,"column":23}},"17":{"start":{"line":25,"column":12},"end":{"line":32,"column":13}},"18":{"start":{"line":26,"column":39},"end":{"line":28,"column":18}},"19":{"start":{"line":29,"column":16},"end":{"line":31,"column":17}},"20":{"start":{"line":30,"column":20},"end":{"line":30,"column":62}},"21":{"start":{"line":33,"column":31},"end":{"line":33,"column":64}},"22":{"start":{"line":34,"column":12},"end":{"line":34,"column":54}},"23":{"start":{"line":35,"column":12},"end":{"line":35,"column":153}},"24":{"start":{"line":38,"column":12},"end":{"line":38,"column":72}},"25":{"start":{"line":39,"column":12},"end":{"line":39,"column":90}},"26":{"start":{"line":43,"column":25},"end":{"line":43,"column":27}},"27":{"start":{"line":44,"column":33},"end":{"line":44,"column":66}},"28":{"start":{"line":45,"column":8},"end":{"line":47,"column":9}},"29":{"start":{"line":46,"column":12},"end":{"line":46,"column":28}},"30":{"start":{"line":48,"column":30},"end":{"line":48,"column":60}},"31":{"start":{"line":50,"column":22},"end":{"line":50,"column":65}},"32":{"start":{"line":51,"column":8},"end":{"line":54,"column":9}},"33":{"start":{"line":52,"column":26},"end":{"line":52,"column":62}},"34":{"start":{"line":53,"column":12},"end":{"line":53,"column":36}},"35":{"start":{"line":55,"column":8},"end":{"line":55,"column":24}},"36":{"start":{"line":58,"column":22},"end":{"line":58,"column":24}},"37":{"start":{"line":59,"column":27},"end":{"line":59,"column":73}},"38":{"start":{"line":60,"column":30},"end":{"line":72,"column":9}},"39":{"start":{"line":61,"column":26},"end":{"line":61,"column":45}},"40":{"start":{"line":62,"column":12},"end":{"line":71,"column":13}},"41":{"start":{"line":63,"column":33},"end":{"line":63,"column":53}},"42":{"start":{"line":64,"column":29},"end":{"line":64,"column":50}},"43":{"start":{"line":65,"column":16},"end":{"line":70,"column":17}},"44":{"start":{"line":66,"column":20},"end":{"line":66,"column":44}},"45":{"start":{"line":68,"column":21},"end":{"line":70,"column":17}},"46":{"start":{"line":68,"column":65},"end":{"line":68,"column":83}},"47":{"start":{"line":69,"column":20},"end":{"line":69,"column":41}},"48":{"start":{"line":73,"column":8},"end":{"line":73,"column":37}},"49":{"start":{"line":74,"column":8},"end":{"line":74,"column":21}},"50":{"start":{"line":77,"column":25},"end":{"line":77,"column":27}},"51":{"start":{"line":78,"column":24},"end":{"line":78,"column":57}},"52":{"start":{"line":79,"column":22},"end":{"line":79,"column":41}},"53":{"start":{"line":81,"column":25},"end":{"line":101,"column":9}},"54":{"start":{"line":85,"column":45},"end":{"line":85,"column":67}},"55":{"start":{"line":89,"column":45},"end":{"line":89,"column":67}},"56":{"start":{"line":94,"column":45},"end":{"line":94,"column":67}},"57":{"start":{"line":99,"column":40},"end":{"line":99,"column":44}},"58":{"start":{"line":102,"column":29},"end":{"line":102,"column":33}},"59":{"start":{"line":103,"column":8},"end":{"line":127,"column":9}},"60":{"start":{"line":103,"column":21},"end":{"line":103,"column":22}},"61":{"start":{"line":104,"column":25},"end":{"line":104,"column":33}},"62":{"start":{"line":105,"column":12},"end":{"line":126,"column":13}},"63":{"start":{"line":106,"column":32},"end":{"line":106,"column":65}},"64":{"start":{"line":107,"column":16},"end":{"line":125,"column":17}},"65":{"start":{"line":108,"column":36},"end":{"line":108,"column":67}},"66":{"start":{"line":109,"column":20},"end":{"line":124,"column":21}},"67":{"start":{"line":110,"column":24},"end":{"line":110,"column":49}},"68":{"start":{"line":112,"column":25},"end":{"line":124,"column":21}},"69":{"start":{"line":114,"column":39},"end":{"line":114,"column":47}},"70":{"start":{"line":115,"column":42},"end":{"line":115,"column":50}},"71":{"start":{"line":116,"column":43},"end":{"line":116,"column":76}},"72":{"start":{"line":117,"column":24},"end":{"line":123,"column":27}},"73":{"start":{"line":128,"column":8},"end":{"line":128,"column":24}},"74":{"start":{"line":131,"column":27},"end":{"line":131,"column":29}},"75":{"start":{"line":133,"column":29},"end":{"line":133,"column":83}},"76":{"start":{"line":134,"column":8},"end":{"line":139,"column":9}},"77":{"start":{"line":135,"column":35},"end":{"line":135,"column":84}},"78":{"start":{"line":136,"column":12},"end":{"line":138,"column":13}},"79":{"start":{"line":137,"column":16},"end":{"line":137,"column":40}},"80":{"start":{"line":141,"column":33},"end":{"line":141,"column":78}},"81":{"start":{"line":142,"column":8},"end":{"line":155,"column":9}},"82":{"start":{"line":143,"column":35},"end":{"line":143,"column":75}},"83":{"start":{"line":144,"column":12},"end":{"line":154,"column":13}},"84":{"start":{"line":146,"column":16},"end":{"line":153,"column":44}},"85":{"start":{"line":147,"column":20},"end":{"line":147,"column":43}},"86":{"start":{"line":148,"column":21},"end":{"line":153,"column":44}},"87":{"start":{"line":149,"column":20},"end":{"line":149,"column":44}},"88":{"start":{"line":150,"column":21},"end":{"line":153,"column":44}},"89":{"start":{"line":151,"column":20},"end":{"line":151,"column":52}},"90":{"start":{"line":153,"column":20},"end":{"line":153,"column":44}},"91":{"start":{"line":156,"column":8},"end":{"line":156,"column":26}},"92":{"start":{"line":159,"column":23},"end":{"line":162,"column":9}},"93":{"start":{"line":164,"column":29},"end":{"line":164,"column":31}},"94":{"start":{"line":165,"column":8},"end":{"line":170,"column":9}},"95":{"start":{"line":166,"column":12},"end":{"line":168,"column":13}},"96":{"start":{"line":167,"column":16},"end":{"line":167,"column":48}},"97":{"start":{"line":169,"column":12},"end":{"line":169,"column":50}},"98":{"start":{"line":172,"column":8},"end":{"line":174,"column":9}},"99":{"start":{"line":173,"column":12},"end":{"line":173,"column":86}},"100":{"start":{"line":175,"column":8},"end":{"line":175,"column":22}},"101":{"start":{"line":178,"column":8},"end":{"line":191,"column":9}},"102":{"start":{"line":180,"column":16},"end":{"line":180,"column":56}},"103":{"start":{"line":182,"column":16},"end":{"line":182,"column":62}},"104":{"start":{"line":184,"column":16},"end":{"line":184,"column":60}},"105":{"start":{"line":186,"column":16},"end":{"line":186,"column":57}},"106":{"start":{"line":188,"column":16},"end":{"line":188,"column":57}},"107":{"start":{"line":190,"column":16},"end":{"line":190,"column":80}},"108":{"start":{"line":194,"column":23},"end":{"line":194,"column":38}},"109":{"start":{"line":196,"column":24},"end":{"line":196,"column":26}},"110":{"start":{"line":197,"column":8},"end":{"line":215,"column":9}},"111":{"start":{"line":198,"column":12},"end":{"line":214,"column":13}},"112":{"start":{"line":199,"column":31},"end":{"line":199,"column":53}},"113":{"start":{"line":200,"column":28},"end":{"line":200,"column":47}},"114":{"start":{"line":201,"column":16},"end":{"line":203,"column":17}},"115":{"start":{"line":202,"column":20},"end":{"line":202,"column":41}},"116":{"start":{"line":205,"column":16},"end":{"line":213,"column":17}},"117":{"start":{"line":206,"column":20},"end":{"line":212,"column":22}},"118":{"start":{"line":217,"column":8},"end":{"line":266,"column":9}},"119":{"start":{"line":218,"column":12},"end":{"line":265,"column":14}},"120":{"start":{"line":267,"column":8},"end":{"line":267,"column":33}},"121":{"start":{"line":268,"column":8},"end":{"line":268,"column":22}},"122":{"start":{"line":271,"column":23},"end":{"line":271,"column":37}},"123":{"start":{"line":273,"column":23},"end":{"line":273,"column":25}},"124":{"start":{"line":274,"column":8},"end":{"line":301,"column":9}},"125":{"start":{"line":275,"column":12},"end":{"line":300,"column":13}},"126":{"start":{"line":276,"column":34},"end":{"line":276,"column":59}},"127":{"start":{"line":277,"column":16},"end":{"line":287,"column":17}},"128":{"start":{"line":278,"column":20},"end":{"line":286,"column":22}},"129":{"start":{"line":289,"column":16},"end":{"line":292,"column":17}},"130":{"start":{"line":290,"column":37},"end":{"line":290,"column":98}},"131":{"start":{"line":291,"column":20},"end":{"line":291,"column":59}},"132":{"start":{"line":294,"column":16},"end":{"line":299,"column":17}},"133":{"start":{"line":295,"column":20},"end":{"line":298,"column":21}},"134":{"start":{"line":295,"column":33},"end":{"line":295,"column":34}},"135":{"start":{"line":296,"column":41},"end":{"line":296,"column":81}},"136":{"start":{"line":297,"column":24},"end":{"line":297,"column":63}},"137":{"start":{"line":303,"column":8},"end":{"line":368,"column":9}},"138":{"start":{"line":304,"column":12},"end":{"line":337,"column":14}},"139":{"start":{"line":338,"column":12},"end":{"line":367,"column":14}},"140":{"start":{"line":369,"column":8},"end":{"line":369,"column":31}},"141":{"start":{"line":370,"column":8},"end":{"line":370,"column":22}},"142":{"start":{"line":373,"column":23},"end":{"line":373,"column":40}},"143":{"start":{"line":374,"column":8},"end":{"line":387,"column":9}},"144":{"start":{"line":375,"column":12},"end":{"line":386,"column":13}},"145":{"start":{"line":376,"column":37},"end":{"line":376,"column":65}},"146":{"start":{"line":377,"column":16},"end":{"line":385,"column":18}},"147":{"start":{"line":389,"column":8},"end":{"line":438,"column":9}},"148":{"start":{"line":390,"column":12},"end":{"line":411,"column":14}},"149":{"start":{"line":412,"column":12},"end":{"line":437,"column":14}},"150":{"start":{"line":439,"column":8},"end":{"line":439,"column":22}},"151":{"start":{"line":442,"column":30},"end":{"line":442,"column":56}},"152":{"start":{"line":443,"column":8},"end":{"line":516,"column":9}},"153":{"start":{"line":444,"column":12},"end":{"line":457,"column":14}},"154":{"start":{"line":459,"column":13},"end":{"line":516,"column":9}},"155":{"start":{"line":460,"column":12},"end":{"line":481,"column":14}},"156":{"start":{"line":483,"column":13},"end":{"line":516,"column":9}},"157":{"start":{"line":484,"column":12},"end":{"line":496,"column":14}},"158":{"start":{"line":500,"column":12},"end":{"line":515,"column":14}},"159":{"start":{"line":519,"column":23},"end":{"line":519,"column":37}},"160":{"start":{"line":520,"column":8},"end":{"line":528,"column":9}},"161":{"start":{"line":521,"column":12},"end":{"line":527,"column":13}},"162":{"start":{"line":522,"column":33},"end":{"line":522,"column":57}},"163":{"start":{"line":523,"column":34},"end":{"line":523,"column":78}},"164":{"start":{"line":524,"column":16},"end":{"line":526,"column":18}},"165":{"start":{"line":530,"column":8},"end":{"line":594,"column":9}},"166":{"start":{"line":531,"column":12},"end":{"line":567,"column":14}},"167":{"start":{"line":568,"column":12},"end":{"line":593,"column":14}},"168":{"start":{"line":595,"column":8},"end":{"line":595,"column":22}},"169":{"start":{"line":598,"column":25},"end":{"line":598,"column":27}},"170":{"start":{"line":599,"column":27},"end":{"line":599,"column":50}},"171":{"start":{"line":601,"column":27},"end":{"line":601,"column":28}},"172":{"start":{"line":602,"column":8},"end":{"line":604,"column":9}},"173":{"start":{"line":603,"column":12},"end":{"line":603,"column":61}},"174":{"start":{"line":605,"column":8},"end":{"line":669,"column":9}},"175":{"start":{"line":605,"column":21},"end":{"line":605,"column":22}},"176":{"start":{"line":606,"column":30},"end":{"line":606,"column":81}},"177":{"start":{"line":607,"column":34},"end":{"line":607,"column":95}},"178":{"start":{"line":608,"column":30},"end":{"line":608,"column":76}},"179":{"start":{"line":609,"column":23},"end":{"line":609,"column":25}},"180":{"start":{"line":610,"column":12},"end":{"line":658,"column":13}},"181":{"start":{"line":611,"column":16},"end":{"line":618,"column":18}},"182":{"start":{"line":620,"column":17},"end":{"line":658,"column":13}},"183":{"start":{"line":621,"column":16},"end":{"line":636,"column":18}},"184":{"start":{"line":638,"column":17},"end":{"line":658,"column":13}},"185":{"start":{"line":639,"column":16},"end":{"line":647,"column":18}},"186":{"start":{"line":651,"column":16},"end":{"line":657,"column":18}},"187":{"start":{"line":659,"column":12},"end":{"line":668,"column":15}},"188":{"start":{"line":670,"column":8},"end":{"line":670,"column":24}},"189":{"start":{"line":673,"column":21},"end":{"line":673,"column":23}},"190":{"start":{"line":675,"column":8},"end":{"line":682,"column":9}},"191":{"start":{"line":676,"column":12},"end":{"line":678,"column":13}},"192":{"start":{"line":677,"column":16},"end":{"line":677,"column":41}},"193":{"start":{"line":681,"column":12},"end":{"line":681,"column":109}},"194":{"start":{"line":684,"column":27},"end":{"line":684,"column":50}},"195":{"start":{"line":685,"column":8},"end":{"line":731,"column":9}},"196":{"start":{"line":686,"column":12},"end":{"line":686,"column":57}},"197":{"start":{"line":687,"column":12},"end":{"line":687,"column":93}},"198":{"start":{"line":688,"column":12},"end":{"line":688,"column":70}},"199":{"start":{"line":689,"column":12},"end":{"line":689,"column":77}},"200":{"start":{"line":690,"column":12},"end":{"line":690,"column":115}},"201":{"start":{"line":691,"column":12},"end":{"line":691,"column":114}},"202":{"start":{"line":692,"column":12},"end":{"line":696,"column":20}},"203":{"start":{"line":698,"column":13},"end":{"line":731,"column":9}},"204":{"start":{"line":699,"column":12},"end":{"line":699,"column":77}},"205":{"start":{"line":700,"column":12},"end":{"line":700,"column":105}},"206":{"start":{"line":701,"column":12},"end":{"line":701,"column":70}},"207":{"start":{"line":702,"column":12},"end":{"line":702,"column":41}},"208":{"start":{"line":703,"column":12},"end":{"line":703,"column":65}},"209":{"start":{"line":704,"column":12},"end":{"line":704,"column":57}},"210":{"start":{"line":705,"column":12},"end":{"line":705,"column":85}},"211":{"start":{"line":706,"column":12},"end":{"line":706,"column":68}},"212":{"start":{"line":707,"column":12},"end":{"line":707,"column":58}},"213":{"start":{"line":709,"column":13},"end":{"line":731,"column":9}},"214":{"start":{"line":710,"column":12},"end":{"line":710,"column":99}},"215":{"start":{"line":711,"column":12},"end":{"line":711,"column":90}},"216":{"start":{"line":712,"column":12},"end":{"line":712,"column":70}},"217":{"start":{"line":713,"column":12},"end":{"line":713,"column":41}},"218":{"start":{"line":714,"column":12},"end":{"line":714,"column":114}},"219":{"start":{"line":715,"column":12},"end":{"line":715,"column":114}},"220":{"start":{"line":716,"column":12},"end":{"line":722,"column":20}},"221":{"start":{"line":726,"column":12},"end":{"line":726,"column":56}},"222":{"start":{"line":727,"column":12},"end":{"line":727,"column":87}},"223":{"start":{"line":728,"column":12},"end":{"line":728,"column":61}},"224":{"start":{"line":729,"column":12},"end":{"line":729,"column":61}},"225":{"start":{"line":730,"column":12},"end":{"line":730,"column":38}},"226":{"start":{"line":732,"column":8},"end":{"line":732,"column":20}},"227":{"start":{"line":735,"column":27},"end":{"line":735,"column":116}},"228":{"start":{"line":736,"column":26},"end":{"line":736,"column":125}},"229":{"start":{"line":737,"column":8},"end":{"line":737,"column":137}},"230":{"start":{"line":740,"column":22},"end":{"line":740,"column":120}},"231":{"start":{"line":741,"column":8},"end":{"line":741,"column":63}},"232":{"start":{"line":744,"column":27},"end":{"line":744,"column":127}},"233":{"start":{"line":745,"column":8},"end":{"line":745,"column":73}},"234":{"start":{"line":748,"column":24},"end":{"line":748,"column":142}},"235":{"start":{"line":749,"column":24},"end":{"line":749,"column":57}},"236":{"start":{"line":750,"column":21},"end":{"line":750,"column":23}},"237":{"start":{"line":751,"column":8},"end":{"line":753,"column":9}},"238":{"start":{"line":751,"column":21},"end":{"line":751,"column":22}},"239":{"start":{"line":752,"column":12},"end":{"line":752,"column":75}},"240":{"start":{"line":754,"column":8},"end":{"line":754,"column":34}},"241":{"start":{"line":757,"column":23},"end":{"line":757,"column":37}},"242":{"start":{"line":758,"column":8},"end":{"line":766,"column":9}},"243":{"start":{"line":759,"column":12},"end":{"line":765,"column":13}},"244":{"start":{"line":760,"column":33},"end":{"line":760,"column":57}},"245":{"start":{"line":761,"column":34},"end":{"line":761,"column":78}},"246":{"start":{"line":762,"column":16},"end":{"line":764,"column":18}},"247":{"start":{"line":768,"column":8},"end":{"line":792,"column":9}},"248":{"start":{"line":769,"column":12},"end":{"line":782,"column":14}},"249":{"start":{"line":783,"column":12},"end":{"line":791,"column":14}},"250":{"start":{"line":793,"column":8},"end":{"line":793,"column":22}},"251":{"start":{"line":796,"column":25},"end":{"line":796,"column":42}},"252":{"start":{"line":797,"column":8},"end":{"line":827,"column":9}},"253":{"start":{"line":798,"column":12},"end":{"line":826,"column":24}},"254":{"start":{"line":828,"column":8},"end":{"line":873,"column":9}},"255":{"start":{"line":829,"column":12},"end":{"line":872,"column":24}},"256":{"start":{"line":874,"column":8},"end":{"line":903,"column":9}},"257":{"start":{"line":875,"column":12},"end":{"line":902,"column":24}},"258":{"start":{"line":904,"column":8},"end":{"line":919,"column":9}},"259":{"start":{"line":905,"column":12},"end":{"line":918,"column":24}},"260":{"start":{"line":920,"column":8},"end":{"line":922,"column":9}},"261":{"start":{"line":921,"column":12},"end":{"line":921,"column":245}},"262":{"start":{"line":923,"column":8},"end":{"line":950,"column":9}},"263":{"start":{"line":924,"column":12},"end":{"line":949,"column":9}},"264":{"start":{"line":952,"column":8},"end":{"line":952,"column":228}},"265":{"start":{"line":955,"column":25},"end":{"line":955,"column":42}},"266":{"start":{"line":956,"column":8},"end":{"line":957,"column":38}},"267":{"start":{"line":957,"column":12},"end":{"line":957,"column":38}},"268":{"start":{"line":958,"column":8},"end":{"line":959,"column":32}},"269":{"start":{"line":959,"column":12},"end":{"line":959,"column":32}},"270":{"start":{"line":960,"column":8},"end":{"line":961,"column":31}},"271":{"start":{"line":961,"column":12},"end":{"line":961,"column":31}},"272":{"start":{"line":962,"column":8},"end":{"line":963,"column":30}},"273":{"start":{"line":963,"column":12},"end":{"line":963,"column":30}},"274":{"start":{"line":964,"column":8},"end":{"line":965,"column":44}},"275":{"start":{"line":965,"column":12},"end":{"line":965,"column":44}},"276":{"start":{"line":966,"column":8},"end":{"line":967,"column":37}},"277":{"start":{"line":967,"column":12},"end":{"line":967,"column":37}},"278":{"start":{"line":968,"column":8},"end":{"line":969,"column":37}},"279":{"start":{"line":969,"column":12},"end":{"line":969,"column":37}},"280":{"start":{"line":970,"column":8},"end":{"line":971,"column":37}},"281":{"start":{"line":971,"column":12},"end":{"line":971,"column":37}},"282":{"start":{"line":972,"column":8},"end":{"line":973,"column":32}},"283":{"start":{"line":973,"column":12},"end":{"line":973,"column":32}},"284":{"start":{"line":974,"column":8},"end":{"line":975,"column":31}},"285":{"start":{"line":975,"column":12},"end":{"line":975,"column":31}},"286":{"start":{"line":976,"column":8},"end":{"line":977,"column":31}},"287":{"start":{"line":977,"column":12},"end":{"line":977,"column":31}},"288":{"start":{"line":978,"column":8},"end":{"line":979,"column":35}},"289":{"start":{"line":979,"column":12},"end":{"line":979,"column":35}},"290":{"start":{"line":980,"column":8},"end":{"line":980,"column":42}},"291":{"start":{"line":983,"column":25},"end":{"line":985,"column":9}},"292":{"start":{"line":986,"column":25},"end":{"line":986,"column":42}},"293":{"start":{"line":988,"column":8},"end":{"line":1002,"column":9}},"294":{"start":{"line":989,"column":12},"end":{"line":989,"column":50}},"295":{"start":{"line":990,"column":12},"end":{"line":990,"column":46}},"296":{"start":{"line":992,"column":13},"end":{"line":1002,"column":9}},"297":{"start":{"line":993,"column":12},"end":{"line":993,"column":51}},"298":{"start":{"line":994,"column":12},"end":{"line":994,"column":47}},"299":{"start":{"line":996,"column":13},"end":{"line":1002,"column":9}},"300":{"start":{"line":997,"column":12},"end":{"line":997,"column":55}},"301":{"start":{"line":998,"column":12},"end":{"line":998,"column":46}},"302":{"start":{"line":1000,"column":13},"end":{"line":1002,"column":9}},"303":{"start":{"line":1001,"column":12},"end":{"line":1001,"column":52}},"304":{"start":{"line":1004,"column":8},"end":{"line":1004,"column":37}},"305":{"start":{"line":1005,"column":8},"end":{"line":1005,"column":91}},"306":{"start":{"line":1006,"column":8},"end":{"line":1006,"column":98}},"307":{"start":{"line":1007,"column":8},"end":{"line":1007,"column":24}},"308":{"start":{"line":1010,"column":25},"end":{"line":1010,"column":42}},"309":{"start":{"line":1012,"column":8},"end":{"line":1026,"column":9}},"310":{"start":{"line":1013,"column":12},"end":{"line":1013,"column":58}},"311":{"start":{"line":1015,"column":13},"end":{"line":1026,"column":9}},"312":{"start":{"line":1016,"column":12},"end":{"line":1016,"column":59}},"313":{"start":{"line":1018,"column":13},"end":{"line":1026,"column":9}},"314":{"start":{"line":1019,"column":12},"end":{"line":1019,"column":57}},"315":{"start":{"line":1021,"column":13},"end":{"line":1026,"column":9}},"316":{"start":{"line":1022,"column":12},"end":{"line":1022,"column":62}},"317":{"start":{"line":1025,"column":12},"end":{"line":1025,"column":59}},"318":{"start":{"line":1029,"column":33},"end":{"line":1029,"column":66}},"319":{"start":{"line":1030,"column":8},"end":{"line":1032,"column":9}},"320":{"start":{"line":1031,"column":12},"end":{"line":1031,"column":56}},"321":{"start":{"line":1033,"column":23},"end":{"line":1033,"column":75}},"322":{"start":{"line":1034,"column":27},"end":{"line":1034,"column":69}},"323":{"start":{"line":1035,"column":27},"end":{"line":1035,"column":80}},"324":{"start":{"line":1036,"column":29},"end":{"line":1036,"column":33}},"325":{"start":{"line":1038,"column":8},"end":{"line":1046,"column":9}},"326":{"start":{"line":1039,"column":12},"end":{"line":1045,"column":13}},"327":{"start":{"line":1040,"column":40},"end":{"line":1040,"column":75}},"328":{"start":{"line":1041,"column":16},"end":{"line":1041,"column":61}},"329":{"start":{"line":1044,"column":16},"end":{"line":1044,"column":84}},"330":{"start":{"line":1048,"column":28},"end":{"line":1048,"column":103}},"331":{"start":{"line":1050,"column":8},"end":{"line":1050,"column":75}},"332":{"start":{"line":1051,"column":8},"end":{"line":1051,"column":85}},"333":{"start":{"line":1054,"column":23},"end":{"line":1057,"column":9}},"334":{"start":{"line":1059,"column":8},"end":{"line":1070,"column":9}},"335":{"start":{"line":1060,"column":12},"end":{"line":1069,"column":13}},"336":{"start":{"line":1061,"column":16},"end":{"line":1061,"column":57}},"337":{"start":{"line":1065,"column":16},"end":{"line":1068,"column":18}},"338":{"start":{"line":1071,"column":8},"end":{"line":1071,"column":22}},"339":{"start":{"line":1074,"column":26},"end":{"line":1077,"column":9}},"340":{"start":{"line":1079,"column":32},"end":{"line":1079,"column":72}},"341":{"start":{"line":1080,"column":26},"end":{"line":1080,"column":64}},"342":{"start":{"line":1081,"column":35},"end":{"line":1081,"column":75}},"343":{"start":{"line":1082,"column":35},"end":{"line":1082,"column":82}},"344":{"start":{"line":1083,"column":8},"end":{"line":1102,"column":9}},"345":{"start":{"line":1084,"column":12},"end":{"line":1084,"column":40}},"346":{"start":{"line":1087,"column":13},"end":{"line":1102,"column":9}},"347":{"start":{"line":1088,"column":12},"end":{"line":1097,"column":13}},"348":{"start":{"line":1089,"column":36},"end":{"line":1089,"column":88}},"349":{"start":{"line":1090,"column":16},"end":{"line":1093,"column":17}},"350":{"start":{"line":1091,"column":20},"end":{"line":1091,"column":48}},"351":{"start":{"line":1092,"column":20},"end":{"line":1092,"column":138}},"352":{"start":{"line":1099,"column":13},"end":{"line":1102,"column":9}},"353":{"start":{"line":1100,"column":12},"end":{"line":1100,"column":40}},"354":{"start":{"line":1104,"column":24},"end":{"line":1104,"column":55}},"355":{"start":{"line":1105,"column":29},"end":{"line":1105,"column":65}},"356":{"start":{"line":1106,"column":25},"end":{"line":1106,"column":57}},"357":{"start":{"line":1107,"column":8},"end":{"line":1110,"column":9}},"358":{"start":{"line":1108,"column":12},"end":{"line":1108,"column":45}},"359":{"start":{"line":1112,"column":8},"end":{"line":1114,"column":9}},"360":{"start":{"line":1113,"column":12},"end":{"line":1113,"column":42}},"361":{"start":{"line":1115,"column":8},"end":{"line":1115,"column":25}},"362":{"start":{"line":1118,"column":33},"end":{"line":1118,"column":66}},"363":{"start":{"line":1119,"column":8},"end":{"line":1121,"column":9}},"364":{"start":{"line":1120,"column":12},"end":{"line":1120,"column":124}},"365":{"start":{"line":1122,"column":30},"end":{"line":1122,"column":60}},"366":{"start":{"line":1123,"column":22},"end":{"line":1123,"column":65}},"367":{"start":{"line":1124,"column":33},"end":{"line":1124,"column":82}},"368":{"start":{"line":1125,"column":25},"end":{"line":1125,"column":34}},"369":{"start":{"line":1126,"column":25},"end":{"line":1126,"column":27}},"370":{"start":{"line":1127,"column":29},"end":{"line":1127,"column":34}},"371":{"start":{"line":1128,"column":26},"end":{"line":1128,"column":28}},"372":{"start":{"line":1129,"column":27},"end":{"line":1129,"column":29}},"373":{"start":{"line":1130,"column":28},"end":{"line":1130,"column":30}},"374":{"start":{"line":1131,"column":8},"end":{"line":1189,"column":9}},"375":{"start":{"line":1132,"column":28},"end":{"line":1132,"column":57}},"376":{"start":{"line":1134,"column":12},"end":{"line":1141,"column":13}},"377":{"start":{"line":1135,"column":16},"end":{"line":1136,"column":49}},"378":{"start":{"line":1136,"column":20},"end":{"line":1136,"column":49}},"379":{"start":{"line":1138,"column":17},"end":{"line":1141,"column":13}},"380":{"start":{"line":1139,"column":16},"end":{"line":1140,"column":49}},"381":{"start":{"line":1140,"column":20},"end":{"line":1140,"column":49}},"382":{"start":{"line":1143,"column":12},"end":{"line":1146,"column":13}},"383":{"start":{"line":1144,"column":16},"end":{"line":1145,"column":47}},"384":{"start":{"line":1145,"column":20},"end":{"line":1145,"column":47}},"385":{"start":{"line":1147,"column":12},"end":{"line":1150,"column":13}},"386":{"start":{"line":1148,"column":16},"end":{"line":1149,"column":47}},"387":{"start":{"line":1149,"column":20},"end":{"line":1149,"column":47}},"388":{"start":{"line":1151,"column":12},"end":{"line":1154,"column":13}},"389":{"start":{"line":1152,"column":16},"end":{"line":1153,"column":46}},"390":{"start":{"line":1153,"column":20},"end":{"line":1153,"column":46}},"391":{"start":{"line":1156,"column":12},"end":{"line":1171,"column":13}},"392":{"start":{"line":1159,"column":16},"end":{"line":1159,"column":34}},"393":{"start":{"line":1160,"column":16},"end":{"line":1160,"column":36}},"394":{"start":{"line":1163,"column":17},"end":{"line":1171,"column":13}},"395":{"start":{"line":1167,"column":16},"end":{"line":1169,"column":17}},"396":{"start":{"line":1168,"column":20},"end":{"line":1168,"column":38}},"397":{"start":{"line":1170,"column":16},"end":{"line":1170,"column":36}},"398":{"start":{"line":1173,"column":12},"end":{"line":1183,"column":13}},"399":{"start":{"line":1182,"column":16},"end":{"line":1182,"column":38}},"400":{"start":{"line":1185,"column":29},"end":{"line":1185,"column":48}},"401":{"start":{"line":1186,"column":12},"end":{"line":1188,"column":13}},"402":{"start":{"line":1187,"column":16},"end":{"line":1187,"column":39}},"403":{"start":{"line":1190,"column":8},"end":{"line":1197,"column":10}},"404":{"start":{"line":1200,"column":27},"end":{"line":1200,"column":29}},"405":{"start":{"line":1202,"column":8},"end":{"line":1202,"column":39}},"406":{"start":{"line":1204,"column":8},"end":{"line":1206,"column":9}},"407":{"start":{"line":1205,"column":12},"end":{"line":1205,"column":40}},"408":{"start":{"line":1208,"column":8},"end":{"line":1210,"column":9}},"409":{"start":{"line":1209,"column":12},"end":{"line":1209,"column":46}},"410":{"start":{"line":1212,"column":8},"end":{"line":1214,"column":9}},"411":{"start":{"line":1213,"column":12},"end":{"line":1213,"column":43}},"412":{"start":{"line":1215,"column":8},"end":{"line":1215,"column":26}},"413":{"start":{"line":1218,"column":33},"end":{"line":1218,"column":66}},"414":{"start":{"line":1219,"column":8},"end":{"line":1220,"column":25}},"415":{"start":{"line":1220,"column":12},"end":{"line":1220,"column":25}},"416":{"start":{"line":1221,"column":30},"end":{"line":1221,"column":60}},"417":{"start":{"line":1222,"column":31},"end":{"line":1222,"column":95}},"418":{"start":{"line":1223,"column":8},"end":{"line":1223,"column":94}},"419":{"start":{"line":1223,"column":45},"end":{"line":1223,"column":92}},"420":{"start":{"line":1226,"column":28},"end":{"line":1226,"column":30}},"421":{"start":{"line":1228,"column":8},"end":{"line":1228,"column":50}},"422":{"start":{"line":1230,"column":33},"end":{"line":1230,"column":66}},"423":{"start":{"line":1231,"column":8},"end":{"line":1232,"column":31}},"424":{"start":{"line":1232,"column":12},"end":{"line":1232,"column":31}},"425":{"start":{"line":1233,"column":30},"end":{"line":1233,"column":60}},"426":{"start":{"line":1234,"column":31},"end":{"line":1237,"column":9}},"427":{"start":{"line":1239,"column":27},"end":{"line":1239,"column":108}},"428":{"start":{"line":1240,"column":8},"end":{"line":1249,"column":9}},"429":{"start":{"line":1241,"column":12},"end":{"line":1248,"column":13}},"430":{"start":{"line":1242,"column":16},"end":{"line":1247,"column":17}},"431":{"start":{"line":1243,"column":37},"end":{"line":1243,"column":60}},"432":{"start":{"line":1244,"column":20},"end":{"line":1246,"column":21}},"433":{"start":{"line":1245,"column":24},"end":{"line":1245,"column":51}},"434":{"start":{"line":1250,"column":8},"end":{"line":1250,"column":27}},"435":{"start":{"line":1253,"column":24},"end":{"line":1253,"column":26}},"436":{"start":{"line":1255,"column":8},"end":{"line":1263,"column":9}},"437":{"start":{"line":1256,"column":12},"end":{"line":1262,"column":15}},"438":{"start":{"line":1257,"column":16},"end":{"line":1261,"column":19}},"439":{"start":{"line":1265,"column":8},"end":{"line":1271,"column":9}},"440":{"start":{"line":1266,"column":12},"end":{"line":1270,"column":15}},"441":{"start":{"line":1273,"column":8},"end":{"line":1279,"column":9}},"442":{"start":{"line":1274,"column":12},"end":{"line":1278,"column":15}},"443":{"start":{"line":1281,"column":8},"end":{"line":1287,"column":9}},"444":{"start":{"line":1282,"column":12},"end":{"line":1286,"column":15}},"445":{"start":{"line":1289,"column":8},"end":{"line":1293,"column":11}},"446":{"start":{"line":1294,"column":8},"end":{"line":1294,"column":23}},"447":{"start":{"line":1297,"column":28},"end":{"line":1297,"column":74}},"448":{"start":{"line":1298,"column":8},"end":{"line":1327,"column":9}},"449":{"start":{"line":1300,"column":29},"end":{"line":1300,"column":77}},"450":{"start":{"line":1301,"column":31},"end":{"line":1302,"column":101}},"451":{"start":{"line":1301,"column":63},"end":{"line":1301,"column":93}},"452":{"start":{"line":1302,"column":70},"end":{"line":1302,"column":100}},"453":{"start":{"line":1303,"column":12},"end":{"line":1306,"column":13}},"454":{"start":{"line":1304,"column":16},"end":{"line":1304,"column":88}},"455":{"start":{"line":1305,"column":16},"end":{"line":1305,"column":97}},"456":{"start":{"line":1308,"column":13},"end":{"line":1327,"column":9}},"457":{"start":{"line":1309,"column":12},"end":{"line":1309,"column":39}},"458":{"start":{"line":1310,"column":12},"end":{"line":1310,"column":101}},"459":{"start":{"line":1312,"column":13},"end":{"line":1327,"column":9}},"460":{"start":{"line":1313,"column":12},"end":{"line":1313,"column":45}},"461":{"start":{"line":1314,"column":12},"end":{"line":1314,"column":102}},"462":{"start":{"line":1316,"column":13},"end":{"line":1327,"column":9}},"463":{"start":{"line":1317,"column":12},"end":{"line":1317,"column":56}},"464":{"start":{"line":1318,"column":12},"end":{"line":1318,"column":96}},"465":{"start":{"line":1322,"column":24},"end":{"line":1325,"column":14}},"466":{"start":{"line":1326,"column":12},"end":{"line":1326,"column":54}},"467":{"start":{"line":1330,"column":33},"end":{"line":1330,"column":66}},"468":{"start":{"line":1331,"column":8},"end":{"line":1332,"column":19}},"469":{"start":{"line":1332,"column":12},"end":{"line":1332,"column":19}},"470":{"start":{"line":1333,"column":30},"end":{"line":1333,"column":60}},"471":{"start":{"line":1334,"column":24},"end":{"line":1334,"column":56}},"472":{"start":{"line":1335,"column":27},"end":{"line":1339,"column":1}},"473":{"start":{"line":1340,"column":8},"end":{"line":1340,"column":46}},"474":{"start":{"line":1343,"column":33},"end":{"line":1343,"column":66}},"475":{"start":{"line":1344,"column":8},"end":{"line":1345,"column":19}},"476":{"start":{"line":1345,"column":12},"end":{"line":1345,"column":19}},"477":{"start":{"line":1346,"column":30},"end":{"line":1346,"column":60}},"478":{"start":{"line":1347,"column":34},"end":{"line":1347,"column":79}},"479":{"start":{"line":1348,"column":8},"end":{"line":1349,"column":19}},"480":{"start":{"line":1349,"column":12},"end":{"line":1349,"column":19}},"481":{"start":{"line":1350,"column":24},"end":{"line":1350,"column":66}},"482":{"start":{"line":1352,"column":28},"end":{"line":1361,"column":5}},"483":{"start":{"line":1363,"column":31},"end":{"line":1363,"column":85}},"484":{"start":{"line":1364,"column":8},"end":{"line":1364,"column":60}},"485":{"start":{"line":1367,"column":33},"end":{"line":1367,"column":66}},"486":{"start":{"line":1368,"column":8},"end":{"line":1369,"column":19}},"487":{"start":{"line":1369,"column":12},"end":{"line":1369,"column":19}},"488":{"start":{"line":1370,"column":30},"end":{"line":1370,"column":60}},"489":{"start":{"line":1371,"column":27},"end":{"line":1371,"column":68}},"490":{"start":{"line":1372,"column":30},"end":{"line":1379,"column":1}},"491":{"start":{"line":1380,"column":8},"end":{"line":1380,"column":52}},"492":{"start":{"line":1383,"column":8},"end":{"line":1385,"column":9}},"493":{"start":{"line":1384,"column":12},"end":{"line":1384,"column":19}},"494":{"start":{"line":1387,"column":36},"end":{"line":1387,"column":79}},"495":{"start":{"line":1389,"column":28},"end":{"line":1389,"column":68}},"496":{"start":{"line":1390,"column":8},"end":{"line":1400,"column":9}},"497":{"start":{"line":1392,"column":32},"end":{"line":1392,"column":78}},"498":{"start":{"line":1393,"column":24},"end":{"line":1396,"column":14}},"499":{"start":{"line":1397,"column":12},"end":{"line":1397,"column":54}},"500":{"start":{"line":1398,"column":12},"end":{"line":1398,"column":111}},"501":{"start":{"line":1399,"column":12},"end":{"line":1399,"column":19}},"502":{"start":{"line":1402,"column":33},"end":{"line":1402,"column":93}},"503":{"start":{"line":1403,"column":31},"end":{"line":1405,"column":10}},"504":{"start":{"line":1406,"column":8},"end":{"line":1408,"column":9}},"505":{"start":{"line":1407,"column":12},"end":{"line":1407,"column":19}},"506":{"start":{"line":1410,"column":8},"end":{"line":1410,"column":70}},"507":{"start":{"line":1413,"column":8},"end":{"line":1432,"column":9}},"508":{"start":{"line":1414,"column":12},"end":{"line":1431,"column":67}},"509":{"start":{"line":1433,"column":8},"end":{"line":1474,"column":9}},"510":{"start":{"line":1434,"column":12},"end":{"line":1451,"column":67}},"511":{"start":{"line":1454,"column":12},"end":{"line":1473,"column":67}},"512":{"start":{"line":1477,"column":33},"end":{"line":1477,"column":66}},"513":{"start":{"line":1478,"column":8},"end":{"line":1479,"column":24}},"514":{"start":{"line":1479,"column":12},"end":{"line":1479,"column":24}},"515":{"start":{"line":1480,"column":30},"end":{"line":1480,"column":60}},"516":{"start":{"line":1482,"column":35},"end":{"line":1491,"column":9}},"517":{"start":{"line":1493,"column":8},"end":{"line":1498,"column":9}},"518":{"start":{"line":1494,"column":29},"end":{"line":1494,"column":62}},"519":{"start":{"line":1495,"column":12},"end":{"line":1497,"column":13}},"520":{"start":{"line":1496,"column":16},"end":{"line":1496,"column":32}},"521":{"start":{"line":1500,"column":8},"end":{"line":1505,"column":9}},"522":{"start":{"line":1501,"column":28},"end":{"line":1501,"column":68}},"523":{"start":{"line":1502,"column":12},"end":{"line":1504,"column":13}},"524":{"start":{"line":1503,"column":16},"end":{"line":1503,"column":31}},"525":{"start":{"line":1507,"column":8},"end":{"line":1507,"column":50}},"526":{"start":{"line":1510,"column":24},"end":{"line":1510,"column":57}},"527":{"start":{"line":1511,"column":22},"end":{"line":1511,"column":41}},"528":{"start":{"line":1513,"column":26},"end":{"line":1513,"column":27}},"529":{"start":{"line":1515,"column":8},"end":{"line":1525,"column":9}},"530":{"start":{"line":1515,"column":21},"end":{"line":1515,"column":22}},"531":{"start":{"line":1516,"column":25},"end":{"line":1516,"column":33}},"532":{"start":{"line":1517,"column":12},"end":{"line":1524,"column":13}},"533":{"start":{"line":1518,"column":16},"end":{"line":1518,"column":36}},"534":{"start":{"line":1519,"column":16},"end":{"line":1519,"column":22}},"535":{"start":{"line":1521,"column":17},"end":{"line":1524,"column":13}},"536":{"start":{"line":1522,"column":16},"end":{"line":1522,"column":36}},"537":{"start":{"line":1523,"column":16},"end":{"line":1523,"column":22}},"538":{"start":{"line":1527,"column":8},"end":{"line":1535,"column":9}},"539":{"start":{"line":1528,"column":12},"end":{"line":1534,"column":13}},"540":{"start":{"line":1528,"column":25},"end":{"line":1528,"column":26}},"541":{"start":{"line":1529,"column":29},"end":{"line":1529,"column":37}},"542":{"start":{"line":1530,"column":16},"end":{"line":1533,"column":17}},"543":{"start":{"line":1531,"column":20},"end":{"line":1531,"column":36}},"544":{"start":{"line":1532,"column":20},"end":{"line":1532,"column":26}},"545":{"start":{"line":1537,"column":28},"end":{"line":1537,"column":51}},"546":{"start":{"line":1538,"column":8},"end":{"line":1538,"column":61}},"547":{"start":{"line":1540,"column":8},"end":{"line":1540,"column":53}},"548":{"start":{"line":1543,"column":0},"end":{"line":1543,"column":44}}},"fnMap":{"0":{"name":"(anonymous_0)","decl":{"start":{"line":10,"column":4},"end":{"line":10,"column":5}},"loc":{"start":{"line":10,"column":18},"end":{"line":12,"column":5}},"line":10},"1":{"name":"(anonymous_1)","decl":{"start":{"line":13,"column":4},"end":{"line":13,"column":5}},"loc":{"start":{"line":13,"column":34},"end":{"line":41,"column":5}},"line":13},"2":{"name":"(anonymous_2)","decl":{"start":{"line":42,"column":4},"end":{"line":42,"column":5}},"loc":{"start":{"line":42,"column":37},"end":{"line":56,"column":5}},"line":42},"3":{"name":"(anonymous_3)","decl":{"start":{"line":57,"column":4},"end":{"line":57,"column":5}},"loc":{"start":{"line":57,"column":43},"end":{"line":75,"column":5}},"line":57},"4":{"name":"(anonymous_4)","decl":{"start":{"line":60,"column":30},"end":{"line":60,"column":31}},"loc":{"start":{"line":60,"column":39},"end":{"line":72,"column":9}},"line":60},"5":{"name":"(anonymous_5)","decl":{"start":{"line":68,"column":58},"end":{"line":68,"column":59}},"loc":{"start":{"line":68,"column":65},"end":{"line":68,"column":83}},"line":68},"6":{"name":"(anonymous_6)","decl":{"start":{"line":76,"column":4},"end":{"line":76,"column":5}},"loc":{"start":{"line":76,"column":40},"end":{"line":129,"column":5}},"line":76},"7":{"name":"(anonymous_7)","decl":{"start":{"line":85,"column":34},"end":{"line":85,"column":35}},"loc":{"start":{"line":85,"column":45},"end":{"line":85,"column":67}},"line":85},"8":{"name":"(anonymous_8)","decl":{"start":{"line":89,"column":34},"end":{"line":89,"column":35}},"loc":{"start":{"line":89,"column":45},"end":{"line":89,"column":67}},"line":89},"9":{"name":"(anonymous_9)","decl":{"start":{"line":94,"column":34},"end":{"line":94,"column":35}},"loc":{"start":{"line":94,"column":45},"end":{"line":94,"column":67}},"line":94},"10":{"name":"(anonymous_10)","decl":{"start":{"line":99,"column":34},"end":{"line":99,"column":35}},"loc":{"start":{"line":99,"column":40},"end":{"line":99,"column":44}},"line":99},"11":{"name":"(anonymous_11)","decl":{"start":{"line":130,"column":4},"end":{"line":130,"column":5}},"loc":{"start":{"line":130,"column":33},"end":{"line":157,"column":5}},"line":130},"12":{"name":"(anonymous_12)","decl":{"start":{"line":158,"column":4},"end":{"line":158,"column":5}},"loc":{"start":{"line":158,"column":33},"end":{"line":176,"column":5}},"line":158},"13":{"name":"(anonymous_13)","decl":{"start":{"line":177,"column":4},"end":{"line":177,"column":5}},"loc":{"start":{"line":177,"column":46},"end":{"line":192,"column":5}},"line":177},"14":{"name":"(anonymous_14)","decl":{"start":{"line":193,"column":4},"end":{"line":193,"column":5}},"loc":{"start":{"line":193,"column":32},"end":{"line":269,"column":5}},"line":193},"15":{"name":"(anonymous_15)","decl":{"start":{"line":270,"column":4},"end":{"line":270,"column":5}},"loc":{"start":{"line":270,"column":38},"end":{"line":371,"column":5}},"line":270},"16":{"name":"(anonymous_16)","decl":{"start":{"line":372,"column":4},"end":{"line":372,"column":5}},"loc":{"start":{"line":372,"column":36},"end":{"line":440,"column":5}},"line":372},"17":{"name":"(anonymous_17)","decl":{"start":{"line":441,"column":4},"end":{"line":441,"column":5}},"loc":{"start":{"line":441,"column":57},"end":{"line":517,"column":5}},"line":441},"18":{"name":"(anonymous_18)","decl":{"start":{"line":518,"column":4},"end":{"line":518,"column":5}},"loc":{"start":{"line":518,"column":33},"end":{"line":596,"column":5}},"line":518},"19":{"name":"(anonymous_19)","decl":{"start":{"line":597,"column":4},"end":{"line":597,"column":5}},"loc":{"start":{"line":597,"column":50},"end":{"line":671,"column":5}},"line":597},"20":{"name":"(anonymous_20)","decl":{"start":{"line":672,"column":4},"end":{"line":672,"column":5}},"loc":{"start":{"line":672,"column":45},"end":{"line":733,"column":5}},"line":672},"21":{"name":"(anonymous_21)","decl":{"start":{"line":734,"column":4},"end":{"line":734,"column":5}},"loc":{"start":{"line":734,"column":25},"end":{"line":738,"column":5}},"line":734},"22":{"name":"(anonymous_22)","decl":{"start":{"line":739,"column":4},"end":{"line":739,"column":5}},"loc":{"start":{"line":739,"column":32},"end":{"line":742,"column":5}},"line":739},"23":{"name":"(anonymous_23)","decl":{"start":{"line":743,"column":4},"end":{"line":743,"column":5}},"loc":{"start":{"line":743,"column":29},"end":{"line":746,"column":5}},"line":743},"24":{"name":"(anonymous_24)","decl":{"start":{"line":747,"column":4},"end":{"line":747,"column":5}},"loc":{"start":{"line":747,"column":25},"end":{"line":755,"column":5}},"line":747},"25":{"name":"(anonymous_25)","decl":{"start":{"line":756,"column":4},"end":{"line":756,"column":5}},"loc":{"start":{"line":756,"column":33},"end":{"line":794,"column":5}},"line":756},"26":{"name":"(anonymous_26)","decl":{"start":{"line":795,"column":4},"end":{"line":795,"column":5}},"loc":{"start":{"line":795,"column":37},"end":{"line":953,"column":5}},"line":795},"27":{"name":"(anonymous_27)","decl":{"start":{"line":954,"column":4},"end":{"line":954,"column":5}},"loc":{"start":{"line":954,"column":26},"end":{"line":981,"column":5}},"line":954},"28":{"name":"(anonymous_28)","decl":{"start":{"line":982,"column":4},"end":{"line":982,"column":5}},"loc":{"start":{"line":982,"column":28},"end":{"line":1008,"column":5}},"line":982},"29":{"name":"(anonymous_29)","decl":{"start":{"line":1009,"column":4},"end":{"line":1009,"column":5}},"loc":{"start":{"line":1009,"column":26},"end":{"line":1027,"column":5}},"line":1009},"30":{"name":"(anonymous_30)","decl":{"start":{"line":1028,"column":4},"end":{"line":1028,"column":5}},"loc":{"start":{"line":1028,"column":41},"end":{"line":1052,"column":5}},"line":1028},"31":{"name":"(anonymous_31)","decl":{"start":{"line":1053,"column":4},"end":{"line":1053,"column":5}},"loc":{"start":{"line":1053,"column":38},"end":{"line":1072,"column":5}},"line":1053},"32":{"name":"(anonymous_32)","decl":{"start":{"line":1073,"column":4},"end":{"line":1073,"column":5}},"loc":{"start":{"line":1073,"column":49},"end":{"line":1116,"column":5}},"line":1073},"33":{"name":"(anonymous_33)","decl":{"start":{"line":1117,"column":4},"end":{"line":1117,"column":5}},"loc":{"start":{"line":1117,"column":27},"end":{"line":1198,"column":5}},"line":1117},"34":{"name":"(anonymous_34)","decl":{"start":{"line":1199,"column":4},"end":{"line":1199,"column":5}},"loc":{"start":{"line":1199,"column":43},"end":{"line":1216,"column":5}},"line":1199},"35":{"name":"(anonymous_35)","decl":{"start":{"line":1217,"column":4},"end":{"line":1217,"column":5}},"loc":{"start":{"line":1217,"column":23},"end":{"line":1224,"column":5}},"line":1217},"36":{"name":"(anonymous_36)","decl":{"start":{"line":1223,"column":35},"end":{"line":1223,"column":36}},"loc":{"start":{"line":1223,"column":45},"end":{"line":1223,"column":92}},"line":1223},"37":{"name":"(anonymous_37)","decl":{"start":{"line":1225,"column":4},"end":{"line":1225,"column":5}},"loc":{"start":{"line":1225,"column":40},"end":{"line":1251,"column":5}},"line":1225},"38":{"name":"(anonymous_38)","decl":{"start":{"line":1252,"column":4},"end":{"line":1252,"column":5}},"loc":{"start":{"line":1252,"column":51},"end":{"line":1295,"column":5}},"line":1252},"39":{"name":"(anonymous_39)","decl":{"start":{"line":1256,"column":44},"end":{"line":1256,"column":45}},"loc":{"start":{"line":1256,"column":58},"end":{"line":1262,"column":13}},"line":1256},"40":{"name":"(anonymous_40)","decl":{"start":{"line":1296,"column":4},"end":{"line":1296,"column":5}},"loc":{"start":{"line":1296,"column":61},"end":{"line":1328,"column":5}},"line":1296},"41":{"name":"(anonymous_41)","decl":{"start":{"line":1301,"column":57},"end":{"line":1301,"column":58}},"loc":{"start":{"line":1301,"column":63},"end":{"line":1301,"column":93}},"line":1301},"42":{"name":"(anonymous_42)","decl":{"start":{"line":1302,"column":64},"end":{"line":1302,"column":65}},"loc":{"start":{"line":1302,"column":70},"end":{"line":1302,"column":100}},"line":1302},"43":{"name":"(anonymous_43)","decl":{"start":{"line":1329,"column":4},"end":{"line":1329,"column":5}},"loc":{"start":{"line":1329,"column":26},"end":{"line":1341,"column":5}},"line":1329},"44":{"name":"(anonymous_44)","decl":{"start":{"line":1342,"column":4},"end":{"line":1342,"column":5}},"loc":{"start":{"line":1342,"column":32},"end":{"line":1365,"column":5}},"line":1342},"45":{"name":"(anonymous_45)","decl":{"start":{"line":1366,"column":4},"end":{"line":1366,"column":5}},"loc":{"start":{"line":1366,"column":43},"end":{"line":1381,"column":5}},"line":1366},"46":{"name":"(anonymous_46)","decl":{"start":{"line":1382,"column":4},"end":{"line":1382,"column":5}},"loc":{"start":{"line":1382,"column":41},"end":{"line":1411,"column":5}},"line":1382},"47":{"name":"(anonymous_47)","decl":{"start":{"line":1412,"column":4},"end":{"line":1412,"column":5}},"loc":{"start":{"line":1412,"column":37},"end":{"line":1475,"column":5}},"line":1412},"48":{"name":"(anonymous_48)","decl":{"start":{"line":1476,"column":4},"end":{"line":1476,"column":5}},"loc":{"start":{"line":1476,"column":36},"end":{"line":1508,"column":5}},"line":1476},"49":{"name":"(anonymous_49)","decl":{"start":{"line":1509,"column":4},"end":{"line":1509,"column":5}},"loc":{"start":{"line":1509,"column":60},"end":{"line":1541,"column":5}},"line":1509}},"branchMap":{"0":{"loc":{"start":{"line":20,"column":12},"end":{"line":23,"column":13}},"type":"if","locations":[{"start":{"line":20,"column":12},"end":{"line":23,"column":13}},{"start":{},"end":{}}],"line":20},"1":{"loc":{"start":{"line":25,"column":12},"end":{"line":32,"column":13}},"type":"if","locations":[{"start":{"line":25,"column":12},"end":{"line":32,"column":13}},{"start":{},"end":{}}],"line":25},"2":{"loc":{"start":{"line":25,"column":16},"end":{"line":25,"column":69}},"type":"binary-expr","locations":[{"start":{"line":25,"column":16},"end":{"line":25,"column":40}},{"start":{"line":25,"column":44},"end":{"line":25,"column":69}}],"line":25},"3":{"loc":{"start":{"line":29,"column":16},"end":{"line":31,"column":17}},"type":"if","locations":[{"start":{"line":29,"column":16},"end":{"line":31,"column":17}},{"start":{},"end":{}}],"line":29},"4":{"loc":{"start":{"line":45,"column":8},"end":{"line":47,"column":9}},"type":"if","locations":[{"start":{"line":45,"column":8},"end":{"line":47,"column":9}},{"start":{},"end":{}}],"line":45},"5":{"loc":{"start":{"line":65,"column":16},"end":{"line":70,"column":17}},"type":"if","locations":[{"start":{"line":65,"column":16},"end":{"line":70,"column":17}},{"start":{"line":68,"column":21},"end":{"line":70,"column":17}}],"line":65},"6":{"loc":{"start":{"line":65,"column":20},"end":{"line":65,"column":90}},"type":"binary-expr","locations":[{"start":{"line":65,"column":20},"end":{"line":65,"column":38}},{"start":{"line":65,"column":42},"end":{"line":65,"column":63}},{"start":{"line":65,"column":67},"end":{"line":65,"column":90}}],"line":65},"7":{"loc":{"start":{"line":68,"column":21},"end":{"line":70,"column":17}},"type":"if","locations":[{"start":{"line":68,"column":21},"end":{"line":70,"column":17}},{"start":{},"end":{}}],"line":68},"8":{"loc":{"start":{"line":68,"column":25},"end":{"line":68,"column":84}},"type":"binary-expr","locations":[{"start":{"line":68,"column":25},"end":{"line":68,"column":38}},{"start":{"line":68,"column":42},"end":{"line":68,"column":84}}],"line":68},"9":{"loc":{"start":{"line":109,"column":20},"end":{"line":124,"column":21}},"type":"if","locations":[{"start":{"line":109,"column":20},"end":{"line":124,"column":21}},{"start":{"line":112,"column":25},"end":{"line":124,"column":21}}],"line":109},"10":{"loc":{"start":{"line":112,"column":25},"end":{"line":124,"column":21}},"type":"if","locations":[{"start":{"line":112,"column":25},"end":{"line":124,"column":21}},{"start":{},"end":{}}],"line":112},"11":{"loc":{"start":{"line":133,"column":29},"end":{"line":133,"column":83}},"type":"binary-expr","locations":[{"start":{"line":133,"column":29},"end":{"line":133,"column":77}},{"start":{"line":133,"column":81},"end":{"line":133,"column":83}}],"line":133},"12":{"loc":{"start":{"line":135,"column":35},"end":{"line":135,"column":84}},"type":"binary-expr","locations":[{"start":{"line":135,"column":35},"end":{"line":135,"column":78}},{"start":{"line":135,"column":82},"end":{"line":135,"column":84}}],"line":135},"13":{"loc":{"start":{"line":136,"column":12},"end":{"line":138,"column":13}},"type":"if","locations":[{"start":{"line":136,"column":12},"end":{"line":138,"column":13}},{"start":{},"end":{}}],"line":136},"14":{"loc":{"start":{"line":136,"column":16},"end":{"line":136,"column":28}},"type":"binary-expr","locations":[{"start":{"line":136,"column":16},"end":{"line":136,"column":19}},{"start":{"line":136,"column":23},"end":{"line":136,"column":28}}],"line":136},"15":{"loc":{"start":{"line":141,"column":33},"end":{"line":141,"column":78}},"type":"binary-expr","locations":[{"start":{"line":141,"column":33},"end":{"line":141,"column":72}},{"start":{"line":141,"column":76},"end":{"line":141,"column":78}}],"line":141},"16":{"loc":{"start":{"line":143,"column":35},"end":{"line":143,"column":75}},"type":"binary-expr","locations":[{"start":{"line":143,"column":35},"end":{"line":143,"column":69}},{"start":{"line":143,"column":73},"end":{"line":143,"column":75}}],"line":143},"17":{"loc":{"start":{"line":144,"column":12},"end":{"line":154,"column":13}},"type":"if","locations":[{"start":{"line":144,"column":12},"end":{"line":154,"column":13}},{"start":{},"end":{}}],"line":144},"18":{"loc":{"start":{"line":144,"column":16},"end":{"line":144,"column":48}},"type":"binary-expr","locations":[{"start":{"line":144,"column":16},"end":{"line":144,"column":19}},{"start":{"line":144,"column":23},"end":{"line":144,"column":28}},{"start":{"line":144,"column":32},"end":{"line":144,"column":48}}],"line":144},"19":{"loc":{"start":{"line":146,"column":16},"end":{"line":153,"column":44}},"type":"if","locations":[{"start":{"line":146,"column":16},"end":{"line":153,"column":44}},{"start":{"line":148,"column":21},"end":{"line":153,"column":44}}],"line":146},"20":{"loc":{"start":{"line":148,"column":21},"end":{"line":153,"column":44}},"type":"if","locations":[{"start":{"line":148,"column":21},"end":{"line":153,"column":44}},{"start":{"line":150,"column":21},"end":{"line":153,"column":44}}],"line":148},"21":{"loc":{"start":{"line":150,"column":21},"end":{"line":153,"column":44}},"type":"if","locations":[{"start":{"line":150,"column":21},"end":{"line":153,"column":44}},{"start":{"line":153,"column":20},"end":{"line":153,"column":44}}],"line":150},"22":{"loc":{"start":{"line":166,"column":12},"end":{"line":168,"column":13}},"type":"if","locations":[{"start":{"line":166,"column":12},"end":{"line":168,"column":13}},{"start":{},"end":{}}],"line":166},"23":{"loc":{"start":{"line":178,"column":8},"end":{"line":191,"column":9}},"type":"switch","locations":[{"start":{"line":179,"column":12},"end":{"line":180,"column":56}},{"start":{"line":181,"column":12},"end":{"line":182,"column":62}},{"start":{"line":183,"column":12},"end":{"line":184,"column":60}},{"start":{"line":185,"column":12},"end":{"line":186,"column":57}},{"start":{"line":187,"column":12},"end":{"line":188,"column":57}},{"start":{"line":189,"column":12},"end":{"line":190,"column":80}}],"line":178},"24":{"loc":{"start":{"line":198,"column":12},"end":{"line":214,"column":13}},"type":"if","locations":[{"start":{"line":198,"column":12},"end":{"line":214,"column":13}},{"start":{},"end":{}}],"line":198},"25":{"loc":{"start":{"line":198,"column":16},"end":{"line":198,"column":61}},"type":"binary-expr","locations":[{"start":{"line":198,"column":16},"end":{"line":198,"column":38}},{"start":{"line":198,"column":42},"end":{"line":198,"column":61}}],"line":198},"26":{"loc":{"start":{"line":201,"column":16},"end":{"line":203,"column":17}},"type":"if","locations":[{"start":{"line":201,"column":16},"end":{"line":203,"column":17}},{"start":{},"end":{}}],"line":201},"27":{"loc":{"start":{"line":205,"column":16},"end":{"line":213,"column":17}},"type":"if","locations":[{"start":{"line":205,"column":16},"end":{"line":213,"column":17}},{"start":{},"end":{}}],"line":205},"28":{"loc":{"start":{"line":205,"column":20},"end":{"line":205,"column":82}},"type":"binary-expr","locations":[{"start":{"line":205,"column":20},"end":{"line":205,"column":50}},{"start":{"line":205,"column":54},"end":{"line":205,"column":82}}],"line":205},"29":{"loc":{"start":{"line":217,"column":8},"end":{"line":266,"column":9}},"type":"if","locations":[{"start":{"line":217,"column":8},"end":{"line":266,"column":9}},{"start":{},"end":{}}],"line":217},"30":{"loc":{"start":{"line":275,"column":12},"end":{"line":300,"column":13}},"type":"if","locations":[{"start":{"line":275,"column":12},"end":{"line":300,"column":13}},{"start":{},"end":{}}],"line":275},"31":{"loc":{"start":{"line":277,"column":16},"end":{"line":287,"column":17}},"type":"if","locations":[{"start":{"line":277,"column":16},"end":{"line":287,"column":17}},{"start":{},"end":{}}],"line":277},"32":{"loc":{"start":{"line":289,"column":16},"end":{"line":292,"column":17}},"type":"if","locations":[{"start":{"line":289,"column":16},"end":{"line":292,"column":17}},{"start":{},"end":{}}],"line":289},"33":{"loc":{"start":{"line":289,"column":20},"end":{"line":289,"column":76}},"type":"binary-expr","locations":[{"start":{"line":289,"column":20},"end":{"line":289,"column":44}},{"start":{"line":289,"column":48},"end":{"line":289,"column":76}}],"line":289},"34":{"loc":{"start":{"line":294,"column":16},"end":{"line":299,"column":17}},"type":"if","locations":[{"start":{"line":294,"column":16},"end":{"line":299,"column":17}},{"start":{},"end":{}}],"line":294},"35":{"loc":{"start":{"line":294,"column":20},"end":{"line":294,"column":75}},"type":"binary-expr","locations":[{"start":{"line":294,"column":20},"end":{"line":294,"column":45}},{"start":{"line":294,"column":49},"end":{"line":294,"column":75}}],"line":294},"36":{"loc":{"start":{"line":303,"column":8},"end":{"line":368,"column":9}},"type":"if","locations":[{"start":{"line":303,"column":8},"end":{"line":368,"column":9}},{"start":{},"end":{}}],"line":303},"37":{"loc":{"start":{"line":375,"column":12},"end":{"line":386,"column":13}},"type":"if","locations":[{"start":{"line":375,"column":12},"end":{"line":386,"column":13}},{"start":{},"end":{}}],"line":375},"38":{"loc":{"start":{"line":389,"column":8},"end":{"line":438,"column":9}},"type":"if","locations":[{"start":{"line":389,"column":8},"end":{"line":438,"column":9}},{"start":{},"end":{}}],"line":389},"39":{"loc":{"start":{"line":443,"column":8},"end":{"line":516,"column":9}},"type":"if","locations":[{"start":{"line":443,"column":8},"end":{"line":516,"column":9}},{"start":{"line":459,"column":13},"end":{"line":516,"column":9}}],"line":443},"40":{"loc":{"start":{"line":443,"column":12},"end":{"line":443,"column":76}},"type":"binary-expr","locations":[{"start":{"line":443,"column":12},"end":{"line":443,"column":42}},{"start":{"line":443,"column":46},"end":{"line":443,"column":76}}],"line":443},"41":{"loc":{"start":{"line":448,"column":28},"end":{"line":448,"column":101}},"type":"binary-expr","locations":[{"start":{"line":448,"column":28},"end":{"line":448,"column":45}},{"start":{"line":448,"column":49},"end":{"line":448,"column":101}}],"line":448},"42":{"loc":{"start":{"line":459,"column":13},"end":{"line":516,"column":9}},"type":"if","locations":[{"start":{"line":459,"column":13},"end":{"line":516,"column":9}},{"start":{"line":483,"column":13},"end":{"line":516,"column":9}}],"line":459},"43":{"loc":{"start":{"line":459,"column":17},"end":{"line":459,"column":86}},"type":"binary-expr","locations":[{"start":{"line":459,"column":17},"end":{"line":459,"column":48}},{"start":{"line":459,"column":52},"end":{"line":459,"column":86}}],"line":459},"44":{"loc":{"start":{"line":483,"column":13},"end":{"line":516,"column":9}},"type":"if","locations":[{"start":{"line":483,"column":13},"end":{"line":516,"column":9}},{"start":{"line":498,"column":13},"end":{"line":516,"column":9}}],"line":483},"45":{"loc":{"start":{"line":483,"column":17},"end":{"line":483,"column":90}},"type":"binary-expr","locations":[{"start":{"line":483,"column":17},"end":{"line":483,"column":55}},{"start":{"line":483,"column":59},"end":{"line":483,"column":90}}],"line":483},"46":{"loc":{"start":{"line":489,"column":31},"end":{"line":489,"column":69}},"type":"binary-expr","locations":[{"start":{"line":489,"column":31},"end":{"line":489,"column":47}},{"start":{"line":489,"column":51},"end":{"line":489,"column":69}}],"line":489},"47":{"loc":{"start":{"line":490,"column":29},"end":{"line":490,"column":88}},"type":"binary-expr","locations":[{"start":{"line":490,"column":29},"end":{"line":490,"column":47}},{"start":{"line":490,"column":51},"end":{"line":490,"column":88}}],"line":490},"48":{"loc":{"start":{"line":521,"column":12},"end":{"line":527,"column":13}},"type":"if","locations":[{"start":{"line":521,"column":12},"end":{"line":527,"column":13}},{"start":{},"end":{}}],"line":521},"49":{"loc":{"start":{"line":523,"column":34},"end":{"line":523,"column":78}},"type":"binary-expr","locations":[{"start":{"line":523,"column":34},"end":{"line":523,"column":59}},{"start":{"line":523,"column":63},"end":{"line":523,"column":78}}],"line":523},"50":{"loc":{"start":{"line":530,"column":8},"end":{"line":594,"column":9}},"type":"if","locations":[{"start":{"line":530,"column":8},"end":{"line":594,"column":9}},{"start":{},"end":{}}],"line":530},"51":{"loc":{"start":{"line":602,"column":8},"end":{"line":604,"column":9}},"type":"if","locations":[{"start":{"line":602,"column":8},"end":{"line":604,"column":9}},{"start":{},"end":{}}],"line":602},"52":{"loc":{"start":{"line":602,"column":12},"end":{"line":602,"column":77}},"type":"binary-expr","locations":[{"start":{"line":602,"column":12},"end":{"line":602,"column":42}},{"start":{"line":602,"column":46},"end":{"line":602,"column":77}}],"line":602},"53":{"loc":{"start":{"line":610,"column":12},"end":{"line":658,"column":13}},"type":"if","locations":[{"start":{"line":610,"column":12},"end":{"line":658,"column":13}},{"start":{"line":620,"column":17},"end":{"line":658,"column":13}}],"line":610},"54":{"loc":{"start":{"line":610,"column":16},"end":{"line":610,"column":74}},"type":"binary-expr","locations":[{"start":{"line":610,"column":16},"end":{"line":610,"column":43}},{"start":{"line":610,"column":47},"end":{"line":610,"column":74}}],"line":610},"55":{"loc":{"start":{"line":620,"column":17},"end":{"line":658,"column":13}},"type":"if","locations":[{"start":{"line":620,"column":17},"end":{"line":658,"column":13}},{"start":{"line":638,"column":17},"end":{"line":658,"column":13}}],"line":620},"56":{"loc":{"start":{"line":638,"column":17},"end":{"line":658,"column":13}},"type":"if","locations":[{"start":{"line":638,"column":17},"end":{"line":658,"column":13}},{"start":{"line":649,"column":17},"end":{"line":658,"column":13}}],"line":638},"57":{"loc":{"start":{"line":638,"column":21},"end":{"line":638,"column":88}},"type":"binary-expr","locations":[{"start":{"line":638,"column":21},"end":{"line":638,"column":56}},{"start":{"line":638,"column":60},"end":{"line":638,"column":88}}],"line":638},"58":{"loc":{"start":{"line":675,"column":8},"end":{"line":682,"column":9}},"type":"if","locations":[{"start":{"line":675,"column":8},"end":{"line":682,"column":9}},{"start":{"line":680,"column":13},"end":{"line":682,"column":9}}],"line":675},"59":{"loc":{"start":{"line":685,"column":8},"end":{"line":731,"column":9}},"type":"if","locations":[{"start":{"line":685,"column":8},"end":{"line":731,"column":9}},{"start":{"line":698,"column":13},"end":{"line":731,"column":9}}],"line":685},"60":{"loc":{"start":{"line":688,"column":29},"end":{"line":688,"column":67}},"type":"cond-expr","locations":[{"start":{"line":688,"column":51},"end":{"line":688,"column":58}},{"start":{"line":688,"column":61},"end":{"line":688,"column":67}}],"line":688},"61":{"loc":{"start":{"line":689,"column":31},"end":{"line":689,"column":74}},"type":"cond-expr","locations":[{"start":{"line":689,"column":53},"end":{"line":689,"column":63}},{"start":{"line":689,"column":66},"end":{"line":689,"column":74}}],"line":689},"62":{"loc":{"start":{"line":693,"column":32},"end":{"line":693,"column":70}},"type":"cond-expr","locations":[{"start":{"line":693,"column":54},"end":{"line":693,"column":60}},{"start":{"line":693,"column":63},"end":{"line":693,"column":70}}],"line":693},"63":{"loc":{"start":{"line":698,"column":13},"end":{"line":731,"column":9}},"type":"if","locations":[{"start":{"line":698,"column":13},"end":{"line":731,"column":9}},{"start":{"line":709,"column":13},"end":{"line":731,"column":9}}],"line":698},"64":{"loc":{"start":{"line":698,"column":17},"end":{"line":698,"column":78}},"type":"binary-expr","locations":[{"start":{"line":698,"column":17},"end":{"line":698,"column":47}},{"start":{"line":698,"column":51},"end":{"line":698,"column":78}}],"line":698},"65":{"loc":{"start":{"line":709,"column":13},"end":{"line":731,"column":9}},"type":"if","locations":[{"start":{"line":709,"column":13},"end":{"line":731,"column":9}},{"start":{"line":724,"column":13},"end":{"line":731,"column":9}}],"line":709},"66":{"loc":{"start":{"line":710,"column":27},"end":{"line":710,"column":98}},"type":"binary-expr","locations":[{"start":{"line":710,"column":27},"end":{"line":710,"column":34}},{"start":{"line":710,"column":38},"end":{"line":710,"column":98}}],"line":710},"67":{"loc":{"start":{"line":759,"column":12},"end":{"line":765,"column":13}},"type":"if","locations":[{"start":{"line":759,"column":12},"end":{"line":765,"column":13}},{"start":{},"end":{}}],"line":759},"68":{"loc":{"start":{"line":761,"column":34},"end":{"line":761,"column":78}},"type":"binary-expr","locations":[{"start":{"line":761,"column":34},"end":{"line":761,"column":59}},{"start":{"line":761,"column":63},"end":{"line":761,"column":78}}],"line":761},"69":{"loc":{"start":{"line":768,"column":8},"end":{"line":792,"column":9}},"type":"if","locations":[{"start":{"line":768,"column":8},"end":{"line":792,"column":9}},{"start":{},"end":{}}],"line":768},"70":{"loc":{"start":{"line":797,"column":8},"end":{"line":827,"column":9}},"type":"if","locations":[{"start":{"line":797,"column":8},"end":{"line":827,"column":9}},{"start":{},"end":{}}],"line":797},"71":{"loc":{"start":{"line":797,"column":12},"end":{"line":797,"column":69}},"type":"binary-expr","locations":[{"start":{"line":797,"column":12},"end":{"line":797,"column":39}},{"start":{"line":797,"column":43},"end":{"line":797,"column":69}}],"line":797},"72":{"loc":{"start":{"line":828,"column":8},"end":{"line":873,"column":9}},"type":"if","locations":[{"start":{"line":828,"column":8},"end":{"line":873,"column":9}},{"start":{},"end":{}}],"line":828},"73":{"loc":{"start":{"line":828,"column":12},"end":{"line":828,"column":67}},"type":"binary-expr","locations":[{"start":{"line":828,"column":12},"end":{"line":828,"column":37}},{"start":{"line":828,"column":41},"end":{"line":828,"column":67}}],"line":828},"74":{"loc":{"start":{"line":874,"column":8},"end":{"line":903,"column":9}},"type":"if","locations":[{"start":{"line":874,"column":8},"end":{"line":903,"column":9}},{"start":{},"end":{}}],"line":874},"75":{"loc":{"start":{"line":874,"column":12},"end":{"line":874,"column":70}},"type":"binary-expr","locations":[{"start":{"line":874,"column":12},"end":{"line":874,"column":40}},{"start":{"line":874,"column":44},"end":{"line":874,"column":70}}],"line":874},"76":{"loc":{"start":{"line":904,"column":8},"end":{"line":919,"column":9}},"type":"if","locations":[{"start":{"line":904,"column":8},"end":{"line":919,"column":9}},{"start":{},"end":{}}],"line":904},"77":{"loc":{"start":{"line":920,"column":8},"end":{"line":922,"column":9}},"type":"if","locations":[{"start":{"line":920,"column":8},"end":{"line":922,"column":9}},{"start":{},"end":{}}],"line":920},"78":{"loc":{"start":{"line":923,"column":8},"end":{"line":950,"column":9}},"type":"if","locations":[{"start":{"line":923,"column":8},"end":{"line":950,"column":9}},{"start":{},"end":{}}],"line":923},"79":{"loc":{"start":{"line":956,"column":8},"end":{"line":957,"column":38}},"type":"if","locations":[{"start":{"line":956,"column":8},"end":{"line":957,"column":38}},{"start":{},"end":{}}],"line":956},"80":{"loc":{"start":{"line":958,"column":8},"end":{"line":959,"column":32}},"type":"if","locations":[{"start":{"line":958,"column":8},"end":{"line":959,"column":32}},{"start":{},"end":{}}],"line":958},"81":{"loc":{"start":{"line":960,"column":8},"end":{"line":961,"column":31}},"type":"if","locations":[{"start":{"line":960,"column":8},"end":{"line":961,"column":31}},{"start":{},"end":{}}],"line":960},"82":{"loc":{"start":{"line":962,"column":8},"end":{"line":963,"column":30}},"type":"if","locations":[{"start":{"line":962,"column":8},"end":{"line":963,"column":30}},{"start":{},"end":{}}],"line":962},"83":{"loc":{"start":{"line":964,"column":8},"end":{"line":965,"column":44}},"type":"if","locations":[{"start":{"line":964,"column":8},"end":{"line":965,"column":44}},{"start":{},"end":{}}],"line":964},"84":{"loc":{"start":{"line":966,"column":8},"end":{"line":967,"column":37}},"type":"if","locations":[{"start":{"line":966,"column":8},"end":{"line":967,"column":37}},{"start":{},"end":{}}],"line":966},"85":{"loc":{"start":{"line":968,"column":8},"end":{"line":969,"column":37}},"type":"if","locations":[{"start":{"line":968,"column":8},"end":{"line":969,"column":37}},{"start":{},"end":{}}],"line":968},"86":{"loc":{"start":{"line":970,"column":8},"end":{"line":971,"column":37}},"type":"if","locations":[{"start":{"line":970,"column":8},"end":{"line":971,"column":37}},{"start":{},"end":{}}],"line":970},"87":{"loc":{"start":{"line":972,"column":8},"end":{"line":973,"column":32}},"type":"if","locations":[{"start":{"line":972,"column":8},"end":{"line":973,"column":32}},{"start":{},"end":{}}],"line":972},"88":{"loc":{"start":{"line":972,"column":12},"end":{"line":972,"column":67}},"type":"binary-expr","locations":[{"start":{"line":972,"column":12},"end":{"line":972,"column":37}},{"start":{"line":972,"column":41},"end":{"line":972,"column":67}}],"line":972},"89":{"loc":{"start":{"line":974,"column":8},"end":{"line":975,"column":31}},"type":"if","locations":[{"start":{"line":974,"column":8},"end":{"line":975,"column":31}},{"start":{},"end":{}}],"line":974},"90":{"loc":{"start":{"line":976,"column":8},"end":{"line":977,"column":31}},"type":"if","locations":[{"start":{"line":976,"column":8},"end":{"line":977,"column":31}},{"start":{},"end":{}}],"line":976},"91":{"loc":{"start":{"line":978,"column":8},"end":{"line":979,"column":35}},"type":"if","locations":[{"start":{"line":978,"column":8},"end":{"line":979,"column":35}},{"start":{},"end":{}}],"line":978},"92":{"loc":{"start":{"line":988,"column":8},"end":{"line":1002,"column":9}},"type":"if","locations":[{"start":{"line":988,"column":8},"end":{"line":1002,"column":9}},{"start":{"line":992,"column":13},"end":{"line":1002,"column":9}}],"line":988},"93":{"loc":{"start":{"line":992,"column":13},"end":{"line":1002,"column":9}},"type":"if","locations":[{"start":{"line":992,"column":13},"end":{"line":1002,"column":9}},{"start":{"line":996,"column":13},"end":{"line":1002,"column":9}}],"line":992},"94":{"loc":{"start":{"line":996,"column":13},"end":{"line":1002,"column":9}},"type":"if","locations":[{"start":{"line":996,"column":13},"end":{"line":1002,"column":9}},{"start":{"line":1000,"column":13},"end":{"line":1002,"column":9}}],"line":996},"95":{"loc":{"start":{"line":996,"column":17},"end":{"line":996,"column":70}},"type":"binary-expr","locations":[{"start":{"line":996,"column":17},"end":{"line":996,"column":42}},{"start":{"line":996,"column":46},"end":{"line":996,"column":70}}],"line":996},"96":{"loc":{"start":{"line":1000,"column":13},"end":{"line":1002,"column":9}},"type":"if","locations":[{"start":{"line":1000,"column":13},"end":{"line":1002,"column":9}},{"start":{},"end":{}}],"line":1000},"97":{"loc":{"start":{"line":1012,"column":8},"end":{"line":1026,"column":9}},"type":"if","locations":[{"start":{"line":1012,"column":8},"end":{"line":1026,"column":9}},{"start":{"line":1015,"column":13},"end":{"line":1026,"column":9}}],"line":1012},"98":{"loc":{"start":{"line":1015,"column":13},"end":{"line":1026,"column":9}},"type":"if","locations":[{"start":{"line":1015,"column":13},"end":{"line":1026,"column":9}},{"start":{"line":1018,"column":13},"end":{"line":1026,"column":9}}],"line":1015},"99":{"loc":{"start":{"line":1018,"column":13},"end":{"line":1026,"column":9}},"type":"if","locations":[{"start":{"line":1018,"column":13},"end":{"line":1026,"column":9}},{"start":{"line":1021,"column":13},"end":{"line":1026,"column":9}}],"line":1018},"100":{"loc":{"start":{"line":1021,"column":13},"end":{"line":1026,"column":9}},"type":"if","locations":[{"start":{"line":1021,"column":13},"end":{"line":1026,"column":9}},{"start":{"line":1024,"column":13},"end":{"line":1026,"column":9}}],"line":1021},"101":{"loc":{"start":{"line":1021,"column":17},"end":{"line":1021,"column":101}},"type":"binary-expr","locations":[{"start":{"line":1021,"column":17},"end":{"line":1021,"column":43}},{"start":{"line":1021,"column":47},"end":{"line":1021,"column":72}},{"start":{"line":1021,"column":76},"end":{"line":1021,"column":101}}],"line":1021},"102":{"loc":{"start":{"line":1030,"column":8},"end":{"line":1032,"column":9}},"type":"if","locations":[{"start":{"line":1030,"column":8},"end":{"line":1032,"column":9}},{"start":{},"end":{}}],"line":1030},"103":{"loc":{"start":{"line":1038,"column":8},"end":{"line":1046,"column":9}},"type":"if","locations":[{"start":{"line":1038,"column":8},"end":{"line":1046,"column":9}},{"start":{},"end":{}}],"line":1038},"104":{"loc":{"start":{"line":1048,"column":28},"end":{"line":1048,"column":103}},"type":"cond-expr","locations":[{"start":{"line":1048,"column":45},"end":{"line":1048,"column":90}},{"start":{"line":1048,"column":93},"end":{"line":1048,"column":103}}],"line":1048},"105":{"loc":{"start":{"line":1055,"column":21},"end":{"line":1055,"column":58}},"type":"binary-expr","locations":[{"start":{"line":1055,"column":21},"end":{"line":1055,"column":37}},{"start":{"line":1055,"column":41},"end":{"line":1055,"column":58}}],"line":1055},"106":{"loc":{"start":{"line":1060,"column":12},"end":{"line":1069,"column":13}},"type":"if","locations":[{"start":{"line":1060,"column":12},"end":{"line":1069,"column":13}},{"start":{"line":1063,"column":17},"end":{"line":1069,"column":13}}],"line":1060},"107":{"loc":{"start":{"line":1083,"column":8},"end":{"line":1102,"column":9}},"type":"if","locations":[{"start":{"line":1083,"column":8},"end":{"line":1102,"column":9}},{"start":{"line":1087,"column":13},"end":{"line":1102,"column":9}}],"line":1083},"108":{"loc":{"start":{"line":1087,"column":13},"end":{"line":1102,"column":9}},"type":"if","locations":[{"start":{"line":1087,"column":13},"end":{"line":1102,"column":9}},{"start":{"line":1099,"column":13},"end":{"line":1102,"column":9}}],"line":1087},"109":{"loc":{"start":{"line":1090,"column":16},"end":{"line":1093,"column":17}},"type":"if","locations":[{"start":{"line":1090,"column":16},"end":{"line":1093,"column":17}},{"start":{},"end":{}}],"line":1090},"110":{"loc":{"start":{"line":1092,"column":41},"end":{"line":1092,"column":137}},"type":"cond-expr","locations":[{"start":{"line":1092,"column":81},"end":{"line":1092,"column":103}},{"start":{"line":1092,"column":106},"end":{"line":1092,"column":137}}],"line":1092},"111":{"loc":{"start":{"line":1099,"column":13},"end":{"line":1102,"column":9}},"type":"if","locations":[{"start":{"line":1099,"column":13},"end":{"line":1102,"column":9}},{"start":{},"end":{}}],"line":1099},"112":{"loc":{"start":{"line":1107,"column":8},"end":{"line":1110,"column":9}},"type":"if","locations":[{"start":{"line":1107,"column":8},"end":{"line":1110,"column":9}},{"start":{},"end":{}}],"line":1107},"113":{"loc":{"start":{"line":1107,"column":12},"end":{"line":1107,"column":66}},"type":"binary-expr","locations":[{"start":{"line":1107,"column":12},"end":{"line":1107,"column":39}},{"start":{"line":1107,"column":43},"end":{"line":1107,"column":66}}],"line":1107},"114":{"loc":{"start":{"line":1112,"column":8},"end":{"line":1114,"column":9}},"type":"if","locations":[{"start":{"line":1112,"column":8},"end":{"line":1114,"column":9}},{"start":{},"end":{}}],"line":1112},"115":{"loc":{"start":{"line":1119,"column":8},"end":{"line":1121,"column":9}},"type":"if","locations":[{"start":{"line":1119,"column":8},"end":{"line":1121,"column":9}},{"start":{},"end":{}}],"line":1119},"116":{"loc":{"start":{"line":1134,"column":12},"end":{"line":1141,"column":13}},"type":"if","locations":[{"start":{"line":1134,"column":12},"end":{"line":1141,"column":13}},{"start":{"line":1138,"column":17},"end":{"line":1141,"column":13}}],"line":1134},"117":{"loc":{"start":{"line":1134,"column":16},"end":{"line":1134,"column":61}},"type":"binary-expr","locations":[{"start":{"line":1134,"column":16},"end":{"line":1134,"column":36}},{"start":{"line":1134,"column":40},"end":{"line":1134,"column":61}}],"line":1134},"118":{"loc":{"start":{"line":1135,"column":16},"end":{"line":1136,"column":49}},"type":"if","locations":[{"start":{"line":1135,"column":16},"end":{"line":1136,"column":49}},{"start":{},"end":{}}],"line":1135},"119":{"loc":{"start":{"line":1138,"column":17},"end":{"line":1141,"column":13}},"type":"if","locations":[{"start":{"line":1138,"column":17},"end":{"line":1141,"column":13}},{"start":{},"end":{}}],"line":1138},"120":{"loc":{"start":{"line":1138,"column":21},"end":{"line":1138,"column":66}},"type":"binary-expr","locations":[{"start":{"line":1138,"column":21},"end":{"line":1138,"column":41}},{"start":{"line":1138,"column":45},"end":{"line":1138,"column":66}}],"line":1138},"121":{"loc":{"start":{"line":1139,"column":16},"end":{"line":1140,"column":49}},"type":"if","locations":[{"start":{"line":1139,"column":16},"end":{"line":1140,"column":49}},{"start":{},"end":{}}],"line":1139},"122":{"loc":{"start":{"line":1143,"column":12},"end":{"line":1146,"column":13}},"type":"if","locations":[{"start":{"line":1143,"column":12},"end":{"line":1146,"column":13}},{"start":{},"end":{}}],"line":1143},"123":{"loc":{"start":{"line":1143,"column":16},"end":{"line":1143,"column":87}},"type":"binary-expr","locations":[{"start":{"line":1143,"column":16},"end":{"line":1143,"column":43}},{"start":{"line":1143,"column":47},"end":{"line":1143,"column":87}}],"line":1143},"124":{"loc":{"start":{"line":1144,"column":16},"end":{"line":1145,"column":47}},"type":"if","locations":[{"start":{"line":1144,"column":16},"end":{"line":1145,"column":47}},{"start":{},"end":{}}],"line":1144},"125":{"loc":{"start":{"line":1147,"column":12},"end":{"line":1150,"column":13}},"type":"if","locations":[{"start":{"line":1147,"column":12},"end":{"line":1150,"column":13}},{"start":{},"end":{}}],"line":1147},"126":{"loc":{"start":{"line":1148,"column":16},"end":{"line":1149,"column":47}},"type":"if","locations":[{"start":{"line":1148,"column":16},"end":{"line":1149,"column":47}},{"start":{},"end":{}}],"line":1148},"127":{"loc":{"start":{"line":1151,"column":12},"end":{"line":1154,"column":13}},"type":"if","locations":[{"start":{"line":1151,"column":12},"end":{"line":1154,"column":13}},{"start":{},"end":{}}],"line":1151},"128":{"loc":{"start":{"line":1151,"column":16},"end":{"line":1151,"column":69}},"type":"binary-expr","locations":[{"start":{"line":1151,"column":16},"end":{"line":1151,"column":40}},{"start":{"line":1151,"column":44},"end":{"line":1151,"column":69}}],"line":1151},"129":{"loc":{"start":{"line":1152,"column":16},"end":{"line":1153,"column":46}},"type":"if","locations":[{"start":{"line":1152,"column":16},"end":{"line":1153,"column":46}},{"start":{},"end":{}}],"line":1152},"130":{"loc":{"start":{"line":1156,"column":12},"end":{"line":1171,"column":13}},"type":"if","locations":[{"start":{"line":1156,"column":12},"end":{"line":1171,"column":13}},{"start":{"line":1163,"column":17},"end":{"line":1171,"column":13}}],"line":1156},"131":{"loc":{"start":{"line":1156,"column":16},"end":{"line":1158,"column":52}},"type":"binary-expr","locat
[...]
start":{},"end":{}}],"line":215},"23":{"loc":{"start":{"line":217,"column":8},"end":{"line":218,"column":30}},"type":"if","locations":[{"start":{"line":217,"column":8},"end":{"line":218,"column":30}},{"start":{},"end":{}}],"line":217},"24":{"loc":{"start":{"line":219,"column":8},"end":{"line":220,"column":28}},"type":"if","locations":[{"start":{"line":219,"column":8},"end":{"line":220,"column":28}},{"start":{},"end":{}}],"line":219},"25":{"loc":{"start":{"line":221,"column":8},"end":{"line":222,"column":25}},"type":"if","locations":[{"start":{"line":221,"column":8},"end":{"line":222,"column":25}},{"start":{},"end":{}}],"line":221},"26":{"loc":{"start":{"line":223,"column":8},"end":{"line":224,"column":25}},"type":"if","locations":[{"start":{"line":223,"column":8},"end":{"line":224,"column":25}},{"start":{},"end":{}}],"line":223},"27":{"loc":{"start":{"line":231,"column":8},"end":{"line":233,"column":9}},"type":"if","locations":[{"start":{"line":231,"column":8},"end":{"line":233,"column":9}},{"start":{},"end":{}}],"line":231},"28":{"loc":{"start":{"line":232,"column":19},"end":{"line":232,"column":55}},"type":"binary-expr","locations":[{"start":{"line":232,"column":19},"end":{"line":232,"column":42}},{"start":{"line":232,"column":46},"end":{"line":232,"column":55}}],"line":232},"29":{"loc":{"start":{"line":235,"column":23},"end":{"line":235,"column":42}},"type":"binary-expr","locations":[{"start":{"line":235,"column":23},"end":{"line":235,"column":33}},{"start":{"line":235,"column":37},"end":{"line":235,"column":42}}],"line":235},"30":{"loc":{"start":{"line":236,"column":20},"end":{"line":236,"column":33}},"type":"binary-expr","locations":[{"start":{"line":236,"column":20},"end":{"line":236,"column":27}},{"start":{"line":236,"column":31},"end":{"line":236,"column":33}}],"line":236},"31":{"loc":{"start":{"line":237,"column":28},"end":{"line":237,"column":58}},"type":"binary-expr","locations":[{"start":{"line":237,"column":28},"end":{"line":237,"column":45}},{"start":{"line":237,"column":49},"end":{"line":237,"column":58}}],"line":237},"32":{"loc":{"start":{"line":240,"column":8},"end":{"line":252,"column":9}},"type":"switch","locations":[{"start":{"line":241,"column":12},"end":{"line":242,"column":78}},{"start":{"line":243,"column":12},"end":{"line":244,"column":84}},{"start":{"line":245,"column":12},"end":{"line":246,"column":82}},{"start":{"line":247,"column":12},"end":{"line":251,"column":18}}],"line":240},"33":{"loc":{"start":{"line":255,"column":20},"end":{"line":255,"column":33}},"type":"binary-expr","locations":[{"start":{"line":255,"column":20},"end":{"line":255,"column":27}},{"start":{"line":255,"column":31},"end":{"line":255,"column":33}}],"line":255},"34":{"loc":{"start":{"line":259,"column":8},"end":{"line":274,"column":9}},"type":"if","locations":[{"start":{"line":259,"column":8},"end":{"line":274,"column":9}},{"start":{},"end":{}}],"line":259},"35":{"loc":{"start":{"line":259,"column":12},"end":{"line":259,"column":49}},"type":"binary-expr","locations":[{"start":{"line":259,"column":12},"end":{"line":259,"column":32}},{"start":{"line":259,"column":36},"end":{"line":259,"column":42}},{"start":{"line":259,"column":46},"end":{"line":259,"column":49}}],"line":259},"36":{"loc":{"start":{"line":263,"column":12},"end":{"line":273,"column":13}},"type":"if","locations":[{"start":{"line":263,"column":12},"end":{"line":273,"column":13}},{"start":{},"end":{}}],"line":263},"37":{"loc":{"start":{"line":267,"column":40},"end":{"line":267,"column":104}},"type":"binary-expr","locations":[{"start":{"line":267,"column":40},"end":{"line":267,"column":74}},{"start":{"line":267,"column":78},"end":{"line":267,"column":104}}],"line":267},"38":{"loc":{"start":{"line":275,"column":8},"end":{"line":284,"column":9}},"type":"if","locations":[{"start":{"line":275,"column":8},"end":{"line":284,"column":9}},{"start":{},"end":{}}],"line":275},"39":{"loc":{"start":{"line":275,"column":12},"end":{"line":275,"column":49}},"type":"binary-expr","locations":[{"start":{"line":275,"column":12},"end":{"line":275,"column":32}},{"start":{"line":275,"column":36},"end":{"line":275,"column":42}},{"start":{"line":275,"column":46},"end":{"line":275,"column":49}}],"line":275},"40":{"loc":{"start":{"line":292,"column":8},"end":{"line":300,"column":9}},"type":"if","locations":[{"start":{"line":292,"column":8},"end":{"line":300,"column":9}},{"start":{},"end":{}}],"line":292},"41":{"loc":{"start":{"line":297,"column":26},"end":{"line":297,"column":71}},"type":"binary-expr","locations":[{"start":{"line":297,"column":26},"end":{"line":297,"column":65}},{"start":{"line":297,"column":69},"end":{"line":297,"column":71}}],"line":297},"42":{"loc":{"start":{"line":301,"column":8},"end":{"line":307,"column":9}},"type":"if","locations":[{"start":{"line":301,"column":8},"end":{"line":307,"column":9}},{"start":{},"end":{}}],"line":301},"43":{"loc":{"start":{"line":314,"column":8},"end":{"line":327,"column":9}},"type":"if","locations":[{"start":{"line":314,"column":8},"end":{"line":327,"column":9}},{"start":{},"end":{}}],"line":314},"44":{"loc":{"start":{"line":318,"column":12},"end":{"line":326,"column":13}},"type":"if","locations":[{"start":{"line":318,"column":12},"end":{"line":326,"column":13}},{"start":{},"end":{}}],"line":318},"45":{"loc":{"start":{"line":339,"column":47},"end":{"line":339,"column":109}},"type":"binary-expr","locations":[{"start":{"line":339,"column":47},"end":{"line":339,"column":67}},{"start":{"line":339,"column":71},"end":{"line":339,"column":109}}],"line":339},"46":{"loc":{"start":{"line":340,"column":8},"end":{"line":345,"column":9}},"type":"if","locations":[{"start":{"line":340,"column":8},"end":{"line":345,"column":9}},{"start":{"line":343,"column":13},"end":{"line":345,"column":9}}],"line":340},"47":{"loc":{"start":{"line":356,"column":26},"end":{"line":356,"column":52}},"type":"binary-expr","locations":[{"start":{"line":356,"column":26},"end":{"line":356,"column":45}},{"start":{"line":356,"column":49},"end":{"line":356,"column":52}}],"line":356}},"s":{"0":0,"1":0,"2":0,"3":0,"4":0,"5":0,"6":0,"7":0,"8":0,"9":0,"10":0,"11":0,"12":0,"13":0,"14":0,"15":0,"16":0,"17":0,"18":0,"19":0,"20":0,"21":0,"22":0,"23":0,"24":0,"25":0,"26":0,"27":0,"28":0,"29":0,"30":0,"31":0,"32":0,"33":0,"34":0,"35":0,"36":0,"37":0,"38":0,"39":0,"40":0,"41":0,"42":0,"43":0,"44":0,"45":0,"46":0,"47":0,"48":0,"49":0,"50":0,"51":0,"52":0,"53":0,"54":0,"55":0,"56":0,"57":0,"58":0,"59":0,"60":0,"61":0,"62":0,"63":0,"64":0,"65":0,"66":0,"67":0,"68":0,"69":0,"70":0,"71":0,"72":0,"73":0,"74":0,"75":0,"76":0,"77":0,"78":0,"79":0,"80":0,"81":0,"82":0,"83":0,"84":0,"85":0,"86":0,"87":0,"88":0,"89":0,"90":0,"91":0,"92":0,"93":0,"94":0,"95":0,"96":0,"97":0,"98":0,"99":0,"100":0,"101":0,"102":0,"103":0,"104":0,"105":0,"106":0,"107":0,"108":0,"109":0,"110":0,"111":0,"112":0,"113":0,"114":0,"115":0,"116":0,"117":0,"118":0,"119":0,"120":0,"121":0,"122":0,"123":0,"124":0,"125":0,"126":0,"127":0,"128":0,"129":0,"130":0,"131":0,"132":0,"133":0,"134":0,"135":0,"136":0,"137":0,"138":0,"139":0,"140":0,"141":0,"142":0,"143":0,"144":0,"145":0,"146":0,"147":0,"148":0,"149":0,"150":0,"151":0,"152":0,"153":0,"154":0,"155":0,"156":0,"157":0,"158":0,"159":0,"160":0,"161":0,"162":0,"163":0,"164":0,"165":0,"166":0,"167":0,"168":0,"169":0,"170":0,"171":0,"172":0,"173":0,"174":0,"175":0},"f":{"0":0,"1":0,"2":0,"3":0,"4":0,"5":0,"6":0,"7":0,"8":0,"9":0,"10":0,"11":0,"12":0,"13":0,"14":0,"15":0,"16":0,"17":0,"18":0,"19":0,"20":0,"21":0,"22":0,"23":0,"24":0,"25":0,"26":0,"27":0,"28":0,"29":0,"30":0,"31":0,"32":0,"33":0,"34":0,"35":0,"36":0,"37":0},"b":{"0":[0,0],"1":[0,0],"2":[0,0],"3":[0,0],"4":[0,0],"5":[0,0],"6":[0,0],"7":[0,0],"8":[0,0],"9":[0,0],"10":[0,0],"11":[0,0],"12":[0,0],"13":[0,0],"14":[0,0],"15":[0,0],"16":[0,0],"17":[0,0],"18":[0,0],"19":[0,0],"20":[0,0],"21":[0,0],"22":[0,0],"23":[0,0],"24":[0,0],"25":[0,0],"26":[0,0],"27":[0,0],"28":[0,0],"29":[0,0],"30":[0,0],"31":[0,0],"32":[0,0,0,0],"33":[0,0],"34":[0,0],"35":[0,0,0],"36":[0,0],"37":[0,0],"38":[0,0],"39":[0,0,0],"40":[0,0],"41":[0,0],"42":[0,0],"43":[0,0],"44":[0,0],"45":[0,0],"46":[0,0],"47":[0,0]},"inputSourceMap":{"version":3,"file":"proxyServer.js","sourceRoot":"","sources":["../src/proxyServer.ts"],"names":[],"mappings":";;;AAAA,6BAA6B;AAC7B,+BAA+B;AAC/B,2BAA2B;AAG3B,qCAAkC;AAQlC,MAAa,WAAW;IAMtB;QALQ,WAAM,GAAuB,IAAI,CAAC;QAClC,SAAI,GAAW,IAAI,CAAC,CAAC,qBAAqB;QAC1C,WAAM,GAAsB,IAAI,CAAC;QAIvC,IAAI,CAAC,MAAM,GAAG,eAAM,CAAC,WAAW,EAAE,CAAC;QACnC,IAAI,CAAC,oBAAoB,EAAE,CAAC;IAC9B,CAAC;IAEM,KAAK,CAAC,MAAkB;QAC7B,OAAO,IAAI,OAAO,CAAC,CAAC,OAAO,EAAE,MAAM,EAAE,EAAE;YACrC,IAAI,CAAC,MAAM,GAAG,MAAM,CAAC;YAErB,IAAI,CAAC,MAAM,GAAG,IAAI,CAAC,YAAY,CAAC,CAAC,GAAG,EAAE,GAAG,EAAE,EAAE;gBAC3C,IAAI,CAAC,aAAa,CAAC,GAAG,EAAE,GAAG,CAAC,CAAC;YAC/B,CAAC,CAAC,CAAC;YAEH,8CAA8C;YAC9C,IAAI,CAAC,MAAM,CAAC,EAAE,CAAC,SAAS,EAAE,CAAC,GAAG,EAAE,YAAY,EAAE,IAAI,EAAE,EAAE;gBACpD,IAAI,CAAC,aAAa,CAAC,GAAG,EAAE,YAAY,EAAE,IAAI,CAAC,CAAC;YAC9C,CAAC,CAAC,CAAC;YAEH,IAAI,CAAC,MAAM,CAAC,MAAM,CAAC,IAAI,CAAC,IAAI,EAAE,GAAG,EAAE;gBACjC,IAAI,CAAC,MAAM,CAAC,IAAI,CAAC,yCAAyC,IAAI,CAAC,IAAI,EAAE,CAAC,CAAC;gBACvE,+DAA+D;gBAC/D,OAAO,CAAC,GAAG,CAAC,UAAU,GAAG,oBAAoB,IAAI,CAAC,IAAI,EAAE,CAAC;gBACzD,OAAO,CAAC,GAAG,CAAC,WAAW,GAAG,oBAAoB,IAAI,CAAC,IAAI,EAAE,CAAC;gBAC1D,OAAO,EAAE,CAAC;YACZ,CAAC,CAAC,CAAC;YAEH,IAAI,CAAC,MAAM,CAAC,EAAE,CAAC,OAAO,EAAE,CAAC,GAAG,EAAE,EAAE;gBAC9B,IAAI,CAAC,MAAM,CAAC,KAAK,CAAC,8BAA8B,EAAE,GAAG,CAAC,CAAC;gBACvD,MAAM,CAAC,GAAG,CAAC,CAAC;YACd,CAAC,CAAC,CAAC;QACL,CAAC,CAAC,CAAC;IACL,CAAC;IAEM,IAAI;QACT,OAAO,IAAI,OAAO,CAAC,CAAC,OAAO,EAAE,EAAE;YAC7B,IAAI,IAAI,CAAC,MAAM,EAAE;gBACf,IAAI,CAAC,MAAM,CAAC,KAAK,CAAC,GAAG,EAAE;oBACrB,IAAI,CAAC,MAAM,CAAC,IAAI,CAAC,+BAA+B,CAAC,CAAC;oBAClD,iCAAiC;oBACjC,OAAO,OAAO,CAAC,GAAG,CAAC,UAAU,CAAC;oBAC9B,OAAO,OAAO,CAAC,GAAG,CAAC,WAAW,CAAC;oBAC/B,IAAI,CAAC,MAAM,GAAG,IAAI,CAAC;oBACnB,OAAO,EAAE,CAAC;gBACZ,CAAC,CAAC,CAAC;aACJ;iBAAM;gBACL,OAAO,EAAE,CAAC;aACX;QACH,CAAC,CAAC,CAAC;IACL,CAAC;IAEM,YAAY,CAAC,MAAkB;QACpC,IAAI,CAAC,MAAM,GAAG,MAAM,CAAC;IACvB,CAAC;IAEO,oBAAoB;QAC1B,4DAA4D;IAC9D,CAAC;IAEO,KAAK,CAAC,aAAa,CAAC,GAAyB,EAAE,YAAqC,EAAE,IAAY;QACxG,IAAI;YACF,MAAM,QAAQ,GAAG,GAAG,CAAC,GAAG,IAAI,EAAE,CAAC;YAC/B,IAAI,CAAC,MAAM,CAAC,KAAK,CAAC,6BAA6B,QAAQ,EAAE,CAAC,CAAC;YAE3D,0CAA0C;YAC1C,IAAI,IAAI,CAAC,YAAY,CAAC,QAAQ,CAAC,EAAE;gBAC/B,IAAI,CAAC,MAAM,CAAC,KAAK,CAAC,8BAA8B,QAAQ,EAAE,CAAC,CAAC;gBAC5D,sDAAsD;gBACtD,2EAA2E;gBAC3E,IAAI,CAAC,iBAAiB,CAAC,GAAG,EAAE,YAAY,EAAE,IAAI,CAAC,CAAC;aACjD;iBAAM;gBACL,kDAAkD;gBAClD,IAAI,CAAC,eAAe,CAAC,GAAG,EAAE,YAAY,EAAE,IAAI,CAAC,CAAC;aAC/C;SACF;QAAC,OAAO,KAAK,EAAE;YACd,IAAI,CAAC,MAAM,CAAC,KAAK,CAAC,gCAAgC,EAAE,KAAK,CAAC,CAAC;YAC3D,YAAY,CAAC,GAAG,EAAE,CAAC;SACpB;IACH,CAAC;IAEO,KAAK,CAAC,iBAAiB,CAAC,GAAyB,EAAE,YAAqC,EAAE,IAAY;QAC5G,6EAA6E;QAC7E,MAAM,QAAQ,GAAG,GAAG,CAAC,GAAG,IAAI,EAAE,CAAC;QAE/B,IAAI,CAAC,MAAM,CAAC,KAAK,CAAC,iCAAiC,QAAQ,EAAE,CAAC,CAAC;QAE/D,gCAAgC;QAChC,YAAY,CAAC,KAAK,CAAC,6CAA6C,CAAC,CAAC;QAElE,IAAI,MAAM,GAAG,IAAI,CAAC;QAClB,IAAI,gBAAgB,GAAG,IAAI,CAAC;QAE5B,YAAY,CAAC,EAAE,CAAC,MAAM,EAAE,CAAC,KAAK,EAAE,EAAE;YAChC,IAAI,gBAAgB,EAAE;gBACpB,MAAM,GAAG,MAAM,CAAC,MAAM,CAAC,CAAC,MAAM,EAAE,KAAK,CAAC,CAAC,CAAC;gBAExC,iDAAiD;gBACjD,MAAM,SAAS,GAAG,MAAM,CAAC,OAAO,CAAC,UAAU,CAAC,CAAC;gBAC7C,IAAI,SAAS,KAAK,CAAC,CAAC,EAAE;oBACpB,gBAAgB,GAAG,KAAK,CAAC;oBAEzB,yBAAyB;oBACzB,MAAM,UAAU,GAAG,MAAM,CAAC,KAAK,CAAC,CAAC,EAAE,SAAS,CAAC,CAAC,QAAQ,EAAE,CAAC;oBACzD,MAAM,KAAK,GAAG,UAAU,CAAC,KAAK,CAAC,MAAM,CAAC,CAAC;oBACvC,MAAM,WAAW,GAAG,KAAK,CAAC,CAAC,CAAC,CAAC;oBAE7B,IAAI,CAAC,MAAM,CAAC,KAAK,CAAC,6BAA6B,WAAW,EAAE,CAAC,CAAC;oBAE9D,8CAA8C;oBAC9C,MAAM,YAAY,GAAG,IAAI,CAAC,wBAAwB,CAAC,QAAQ,EAAE,WAAW,CAAC,CAAC;oBAE1E,4CAA4C;oBAC5C,YAAY,CAAC,KAAK,CAAC,YAAY,CAAC,CAAC;oBAEjC,8CAA8C;oBAC9C,UAAU,CAAC,GAAG,EAAE;wBACd,YAAY,CAAC,GAAG,EAAE,CAAC;oBACrB,CAAC,EAAE,GAAG,CAAC,CAAC;iBACT;aACF;QACH,CAAC,CAAC,CAAC;QAEH,YAAY,CAAC,EAAE,CAAC,OAAO,EAAE,CAAC,GAAG,EAAE,EAAE;YAC/B,IAAI,CAAC,MAAM,CAAC,KAAK,CAAC,qCAAqC,EAAE,GAAG,CAAC,CAAC;QAChE,CAAC,CAAC,CAAC;IACL,CAAC;IAEO,wBAAwB,CAAC,QAAgB,EAAE,WAAmB;QACpE,iEAAiE;QACjE,IAAI,YAAY,GAAG,EAAE,CAAC;QAEtB,IAAI,QAAQ,CAAC,QAAQ,CAAC,IAAI,CAAC,IAAI,WAAW,CAAC,QAAQ,CAAC,KAAK,CAAC,EAAE;YAC1D,YAAY,GAAG,IAAI,CAAC,SAAS,CAAC,EAAE,OAAO,EAAE,4BAA4B,EAAE,CAAC,CAAC;SAC1E;aAAM,IAAI,QAAQ,CAAC,QAAQ,CAAC,UAAU,CAAC,IAAI,WAAW,CAAC,QAAQ,CAAC,MAAM,CAAC,EAAE;YACxE,YAAY,GAAG,IAAI,CAAC,SAAS,CAAC,EAAE,IAAI,EAAE,EAAE,EAAE,EAAE,EAAE,CAAC,EAAE,OAAO,EAAE,EAAE,IAAI,EAAE,EAAE,CAAC,EAAE,WAAW,EAAE,EAAE,EAAE,CAAC,CAAC;SAC3F;aAAM,IAAI,QAAQ,CAAC,QAAQ,CAAC,QAAQ,CAAC,IAAI,WAAW,CAAC,QAAQ,CAAC,MAAM,CAAC,EAAE;YACtE,YAAY,GAAG,IAAI,CAAC,SAAS,CAAC,EAAE,OAAO,EAAE,MAAM,CAAC,IAAI,CAAC,IAAI,CAAC,SAAS,CAAC,EAAE,MAAM,EAAE,sBAAsB,EAAE,CAAC,CAAC,CAAC,QAAQ,CAAC,QAAQ,CAAC,EAAE,CAAC,CAAC;SAChI;aAAM;YACL,YAAY,GAAG,IAAI,CAAC,SAAS,CAAC,EAAE,KAAK,EAAE,oBAAoB,EAAE,CAAC,CAAC;SAChE;QAED,gCAAgC;QAChC,OAAO,kFAAkF,YAAY,CAAC,MAAM,WAAW,YAAY,EAAE,CAAC;IACxI,CAAC;IAEO,eAAe,CAAC,GAAyB,EAAE,YAAqC,EAAE,IAAY;QACpG,MAAM,QAAQ,GAAG,GAAG,CAAC,GAAG,IAAI,EAAE,CAAC;QAC/B,MAAM,CAAC,IAAI,EAAE,IAAI,CAAC,GAAG,QAAQ,CAAC,KAAK,CAAC,GAAG,CAAC,CAAC;QAEzC,MAAM,YAAY,GAAG,OAAO,CAAC,KAAK,CAAC,CAAC,gBAAgB,CAAC;YACnD,IAAI,EAAE,IAAI;YACV,IAAI,EAAE,QAAQ,CAAC,IAAI,CAAC,IAAI,GAAG;SAC5B,EAAE,GAAG,EAAE;YACN,YAAY,CAAC,KAAK,CAAC,6CAA6C,CAAC,CAAC;YAClE,YAAY,CAAC,KAAK,CAAC,IAAI,CAAC,CAAC;YACzB,YAAY,CAAC,IAAI,CAAC,YAAY,CAAC,CAAC;YAChC,YAAY,CAAC,IAAI,CAAC,YAAY,CAAC,CAAC;QAClC,CAAC,CAAC,CAAC;QAEH,YAAY,CAAC,EAAE,CAAC,OAAO,EAAE,GAAG,EAAE;YAC5B,YAAY,CAAC,GAAG,EAAE,CAAC;QACrB,CAAC,CAAC,CAAC;QAEH,YAAY,CAAC,EAAE,CAAC,OAAO,EAAE,GAAG,EAAE;YAC5B,YAAY,CAAC,GAAG,EAAE,CAAC;QACrB,CAAC,CAAC,CAAC;IACL,CAAC;IAEO,KAAK,CAAC,aAAa,CAAC,GAAyB,EAAE,GAAwB;QAC7E,IAAI;YACF,MAAM,SAAS,GAAG,GAAG,CAAC,KAAK,CAAC,GAAG,CAAC,GAAG,IAAI,EAAE,CAAC,CAAC;YAC3C,MAAM,QAAQ,GAAG,SAAS,CAAC,QAAQ,IAAI,EAAE,CAAC;YAE1C,IAAI,CAAC,MAAM,CAAC,KAAK,CAAC,qBAAqB,GAAG,CAAC,MAAM,IAAI,GAAG,CAAC,GAAG,OAAO,QAAQ,EAAE,CAAC,CAAC;YAE/E,0CAA0C;YAC1C,IAAI,IAAI,CAAC,YAAY,CAAC,QAAQ,CAAC,EAAE;gBAC/B,IAAI,CAAC,MAAM,CAAC,KAAK,CAAC,8BAA8B,QAAQ,EAAE,CAAC,CAAC;gBAC5D,MAAM,YAAY,GAAG,MAAM,IAAI,CAAC,oBAAoB,CAAC,GAAG,EAAE,QAAQ,CAAC,CAAC;gBACpE,IAAI,YAAY,EAAE;oBAChB,IAAI,CAAC,MAAM,CAAC,KAAK,CAAC,+BAA+B,QAAQ,EAAE,CAAC,CAAC;oBAC7D,IAAI,CAAC,gBAAgB,CAAC,GAAG,EAAE,YAAY,CAAC,CAAC;oBACzC,OAAO;iBACR;aACF;YAED,uDAAuD;YACvD,IAAI,CAAC,MAAM,CAAC,KAAK,CAAC,iCAAiC,QAAQ,EAAE,CAAC,CAAC;YAC/D,IAAI,CAAC,cAAc,CAAC,GAAG,EAAE,GAAG,CAAC,CAAC;SAE/B;QAAC,OAAO,KAAK,EAAE;YACd,IAAI,CAAC,MAAM,CAAC,KAAK,CAAC,wBAAwB,EAAE,KAAK,CAAC,CAAC;YACnD,GAAG,CAAC,SAAS,CAAC,GAAG,EAAE,EAAE,cAAc,EAAE,kBAAkB,EAAE,CAAC,CAAC;YAC3D,GAAG,CAAC,GAAG,CAAC,IAAI,CAAC,SAAS,CAAC,EAAE,KAAK,EAAE,sBAAsB,EAAE,CAAC,CAAC,CAAC;SAC5D;IACH,CAAC;IAEO,YAAY,CAAC,QAAgB;QACnC,gCAAgC;QAChC,MAAM,aAAa,GAAG,QAAQ,CAAC,KAAK,CAAC,GAAG,CAAC,CAAC,CAAC,CAAC,CAAC;QAE7C,qDAAqD;QACrD,MAAM,WAAW,GAAG;YAClB,mBAAmB;YACnB,qBAAqB;YACrB,OAAO;YACP,aAAa;YACb,WAAW;YACX,QAAQ;YACR,QAAQ;YACR,0CAA0C;YAC1C,qBAAqB;YACrB,2BAA2B;YAC3B,yBAAyB;SAC1B,CAAC;QAEF,MAAM,KAAK,GAAG,WAAW,CAAC,IAAI,CAAC,OAAO,CAAC,EAAE,CAAC,OAAO,CAAC,IAAI,CAAC,aAAa,CAAC,CAAC,CAAC;QACvE,IAAI,CAAC,MAAM,CAAC,KAAK,CAAC,eAAe,aAAa,oBAAoB,KAAK,EAAE,CAAC,CAAC;QAC3E,OAAO,KAAK,CAAC;IACf,CAAC;IAEO,KAAK,CAAC,oBAAoB,CAAC,GAAyB,EAAE,QAAgB;QAC5E,IAAI,CAAC,IAAI,CAAC,MAAM,IAAI,CAAC,IAAI,CAAC,MAAM,CAAC,QAAQ,EAAE;YACzC,OAAO,IAAI,CAAC;SACb;QAED,MAAM,OAAO,GAAG,IAAI,CAAC,eAAe,CAAC,QAAQ,CAAC,CAAC;QAC/C,IAAI,CAAC,OAAO,IAAI,CAAC,IAAI,CAAC,MAAM,CAAC,QAAQ,CAAC,OAAO,CAAC,EAAE;YAC9C,OAAO,IAAI,CAAC;SACb;QAED,MAAM,aAAa,GAAG,IAAI,CAAC,MAAM,CAAC,QAAQ,CAAC,OAAO,CAAC,CAAC;QACpD,MAAM,SAAS,GAAG,IAAI,CAAC,gBAAgB,CAAC,GAAG,CAAC,CAAC;QAE7C,wDAAwD;QACxD,OAAO,IAAI,CAAC,uBAAuB,CAAC,OAAO,EAAE,SAAS,EAAE,aAAa,EAAE,GAAG,CAAC,CAAC;IAC9E,CAAC;IAEO,eAAe,CAAC,QAAgB;QACtC,IAAI,QAAQ,CAAC,QAAQ,CAAC,IAAI,CAAC;YAAE,OAAO,IAAI,CAAC;QACzC,IAAI,QAAQ,CAAC,QAAQ,CAAC,UAAU,CAAC;YAAE,OAAO,UAAU,CAAC;QACrD,IAAI,QAAQ,CAAC,QAAQ,CAAC,QAAQ,CAAC;YAAE,OAAO,QAAQ,CAAC;QACjD,IAAI,QAAQ,CAAC,QAAQ,CAAC,KAAK,CAAC;YAAE,OAAO,KAAK,CAAC;QAC3C,IAAI,QAAQ,CAAC,QAAQ,CAAC,KAAK,CAAC;YAAE,OAAO,KAAK,CAAC;QAC3C,OAAO,IAAI,CAAC;IACd,CAAC;IAEO,gBAAgB,CAAC,GAAyB;QAChD,+CAA+C;QAC/C,qFAAqF;QACrF,MAAM,MAAM,GAAG,GAAG,CAAC,OAAO,CAAC,cAAc,CAAW,CAAC;QACrD,IAAI,MAAM,EAAE;YACV,OAAO,MAAM,CAAC,KAAK,CAAC,GAAG,CAAC,CAAC,GAAG,EAAE,IAAI,SAAS,CAAC;SAC7C;QAED,uDAAuD;QACvD,MAAM,MAAM,GAAG,GAAG,CAAC,MAAM,IAAI,KAAK,CAAC;QACnC,MAAM,GAAG,GAAG,GAAG,CAAC,GAAG,IAAI,EAAE,CAAC;QAC1B,OAAO,GAAG,MAAM,IAAI,GAAG,CAAC,KAAK,CAAC,GAAG,CAAC,CAAC,CAAC,CAAC,IAAI,SAAS,EAAE,CAAC;IACvD,CAAC;IAEO,uBAAuB,CAAC,OAAe,EAAE,SAAiB,EAAE,aAAkB,EAAE,GAAyB;QAC/G,QAAQ,OAAO,EAAE;YACf,KAAK,IAAI;gBACP,OAAO,IAAI,CAAC,kBAAkB,CAAC,SAAS,EAAE,aAAa,EAAE,GAAG,CAAC,CAAC;YAChE,KAAK,UAAU;gBACb,OAAO,IAAI,CAAC,wBAAwB,CAAC,SAAS,EAAE,aAAa,EAAE,GAAG,CAAC,CAAC;YACtE,KAAK,QAAQ;gBACX,OAAO,IAAI,CAAC,sBAAsB,CAAC,SAAS,EAAE,aAAa,EAAE,GAAG,CAAC,CAAC;YACpE;gBACE,OAAO;oBACL,UAAU,EAAE,GAAG;oBACf,IAAI,EAAE,EAAE,KAAK,EAAE,WAAW,OAAO,kBAAkB,EAAE;iBACtD,CAAC;SACL;IACH,CAAC;IAEO,kBAAkB,CAAC,SAAiB,EAAE,aAAkB,EAAE,GAAyB;QACzF,MAAM,GAAG,GAAG,GAAG,CAAC,GAAG,IAAI,EAAE,CAAC;QAC1B,MAAM,SAAS,GAAG,GAAG,CAAC,KAAK,CAAC,GAAG,CAAC,CAAC,MAAM,CAAC,CAAC,CAAC,EAAE,CAAC,CAAC,CAAC,CAAC;QAChD,MAAM,MAAM,GAAG,SAAS,CAAC,CAAC,CAAC,CAAC;QAC5B,MAAM,GAAG,GAAG,SAAS,CAAC,KAAK,CAAC,CAAC,CAAC,CAAC,IAAI,CAAC,GAAG,CAAC,CAAC;QAEzC,IAAI,GAAG,CAAC,MAAM,KAAK,KAAK,IAAI,MAAM,IAAI,GAAG,EAAE;YACzC,sBAAsB;YACtB,MAAM,YAAY,GAAG,aAAa,CAAC,OAAO,EAAE,CAAC,MAAM,CAAC,CAAC;YACrD,MAAM,YAAY,GAAG,YAAY,EAAE,OAAO,EAAE,CAAC,GAAG,CAAC,CAAC;YAElD,IAAI,YAAY,EAAE;gBAChB,OAAO;oBACL,UAAU,EAAE,GAAG;oBACf,OAAO,EAAE;wBACP,cAAc,EAAE,YAAY,CAAC,QAAQ,EAAE,WAAW,IAAI,0BAA0B;wBAChF,MAAM,EAAE,IAAI,IAAI,CAAC,GAAG,EAAE,GAAG;wBACzB,eAAe,EAAE,IAAI,IAAI,EAAE,CAAC,WAAW,EAAE;qBAC1C;oBACD,IAAI,EAAE,YAAY,CAAC,OAAO;iBAC3B,CAAC;aACH;SACF;QAED,IAAI,GAAG,CAAC,MAAM,KAAK,KAAK,IAAI,MAAM,IAAI,GAAG,EAAE;YACzC,yCAAyC;YACzC,OAAO;gBACL,UAAU,EAAE,GAAG;gBACf,OAAO,EAAE;oBACP,MAAM,EAAE,IAAI,IAAI,CAAC,GAAG,EAAE,GAAG;iBAC1B;gBACD,IAAI,EAAE,EAAE;aACT,CAAC;SACH;QAED,OAAO;YACL,UAAU,EAAE,GAAG;YACf,IAAI,EAAE,EAAE,KAAK,EAAE,WAAW,EAAE;SAC7B,CAAC;IACJ,CAAC;IAEO,wBAAwB,CAAC,SAAiB,EAAE,aAAkB,EAAE,GAAyB;QAC/F,0CAA0C;QAC1C,IAAI,SAAS,CAAC,QAAQ,CAAC,SAAS,CAAC,EAAE;YACjC,wBAAwB;YACxB,OAAO;gBACL,UAAU,EAAE,GAAG;gBACf,IAAI,EAAE;oBACJ,IAAI,EAAE,aAAa,CAAC,MAAM,EAAE,KAAK,EAAE,KAAK,EAAE,CAAC,CAAC,CAAC,IAAI,EAAE;iBACpD;aACF,CAAC;SACH;QAED,IAAI,SAAS,CAAC,QAAQ,CAAC,SAAS,CAAC,EAAE;YACjC,wBAAwB;YACxB,OAAO;gBACL,UAAU,EAAE,GAAG;gBACf,IAAI,EAAE,EAAE;aACT,CAAC;SACH;QAED,OAAO;YACL,UAAU,EAAE,GAAG;YACf,IAAI,EAAE,EAAE,KAAK,EAAE,uBAAuB,EAAE;SACzC,CAAC;IACJ,CAAC;IAEO,sBAAsB,CAAC,SAAiB,EAAE,aAAkB,EAAE,GAAyB;QAC7F,IAAI,SAAS,CAAC,QAAQ,CAAC,QAAQ,CAAC,EAAE;YAChC,8BAA8B;YAC9B,MAAM,YAAY,GAAG,IAAI,CAAC,mBAAmB,CAAC,GAAG,CAAC,CAAC;YACnD,MAAM,cAAc,GAAG,aAAa,CAAC,SAAS,EAAE,CAAC,YAAY,CAAC,CAAC;YAE/D,IAAI,cAAc,EAAE,QAAQ,EAAE;gBAC5B,OAAO;oBACL,UAAU,EAAE,GAAG;oBACf,OAAO,EAAE;wBACP,cAAc,EAAE,kBAAkB;qBACnC;oBACD,IAAI,EAAE,cAAc,CAAC,QAAQ;iBAC9B,CAAC;aACH;SACF;QAED,OAAO;YACL,UAAU,EAAE,GAAG;YACf,IAAI,EAAE,EAAE,KAAK,EAAE,oBAAoB,EAAE;SACtC,CAAC;IACJ,CAAC;IAEO,mBAAmB,CAAC,GAAyB;QACnD,qDAAqD;QACrD,qEAAqE;QACrE,OAAO,YAAY,CAAC,CAAC,kBAAkB;IACzC,CAAC;IAEO,gBAAgB,CAAC,GAAwB,EAAE,YAA0B;QAC3E,GAAG,CAAC,SAAS,CAAC,YAAY,CAAC,UAAU,EAAE,YAAY,CAAC,OAAO,IAAI,EAAE,cAAc,EAAE,kBAAkB,EAAE,CAAC,CAAC;QAEvG,IAAI,OAAO,YAAY,CAAC,IAAI,KAAK,QAAQ,EAAE;YACzC,GAAG,CAAC,GAAG,CAAC,IAAI,CAAC,SAAS,CAAC,YAAY,CAAC,IAAI,CAAC,CAAC,CAAC;SAC5C;aAAM;YACL,GAAG,CAAC,GAAG,CAAC,YAAY,CAAC,IAAI,CAAC,CAAC;SAC5B;IACH,CAAC;IAEO,cAAc,CAAC,GAAyB,EAAE,GAAwB;QACxE,kDAAkD;QAClD,MAAM,OAAO,GAAG;YACd,QAAQ,EAAE,GAAG,CAAC,OAAO,CAAC,IAAI;YAC1B,IAAI,EAAE,GAAG,CAAC,GAAG;YACb,MAAM,EAAE,GAAG,CAAC,MAAM;YAClB,OAAO,EAAE,GAAG,CAAC,OAAO;SACrB,CAAC;QAEF,MAAM,QAAQ,GAAG,KAAK,CAAC,OAAO,CAAC,OAAO,EAAE,CAAC,QAAQ,EAAE,EAAE;YACnD,GAAG,CAAC,SAAS,CAAC,QAAQ,CAAC,UAAU,IAAI,GAAG,EAAE,QAAQ,CAAC,OAAO,CAAC,CAAC;YAC5D,QAAQ,CAAC,IAAI,CAAC,GAAG,CAAC,CAAC;QACrB,CAAC,CAAC,CAAC;QAEH,QAAQ,CAAC,EAAE,CAAC,OAAO,EAAE,CAAC,GAAG,EAAE,EAAE;YAC3B,OAAO,CAAC,KAAK,CAAC,cAAc,EAAE,GAAG,CAAC,CAAC;YACnC,GAAG,CAAC,SAAS,CAAC,GAAG,CAAC,CAAC;YACnB,GAAG,CAAC,GAAG,CAAC,aAAa,CAAC,CAAC;QACzB,CAAC,CAAC,CAAC;QAEH,GAAG,CAAC,IAAI,CAAC,QAAQ,CAAC,CAAC;IACrB,CAAC;CACF;AA1ZD,kCA0ZC"},"all":true}}